{"level":"info","message":"Server running on port 5000","timestamp":"2025-04-11T15:00:24.362Z"}
{"level":"info","message":"✅ Kết nối database hoạt động tốt","timestamp":"2025-04-11T15:00:24.383Z"}
{"level":"info","message":"Server running on port 5000","timestamp":"2025-04-11T15:24:25.512Z"}
{"level":"info","message":"✅ Kết nối database hoạt động tốt","timestamp":"2025-04-11T15:24:25.532Z"}
{"level":"info","message":"User connected: MJzTJoj3IxFbrPKRAAAC","timestamp":"2025-04-11T15:32:52.262Z"}
{"level":"info","message":"User disconnected: MJzTJoj3IxFbrPKRAAAC","timestamp":"2025-04-11T15:33:28.932Z"}
{"level":"info","message":"User connected: wFoZNQ4kENrGlTfMAAAE","timestamp":"2025-04-11T15:33:36.816Z"}
{"level":"info","message":"User disconnected: wFoZNQ4kENrGlTfMAAAE","timestamp":"2025-04-11T15:33:39.774Z"}
{"level":"info","message":"User connected: XnSnh1U7FGBmUCCpAAAH","timestamp":"2025-04-11T15:36:51.873Z"}
{"level":"info","message":"User connected: 85LgX0hUv0UZz4SUAAAK","timestamp":"2025-04-11T15:38:30.396Z"}
{"level":"info","message":"User disconnected: 85LgX0hUv0UZz4SUAAAK","timestamp":"2025-04-11T15:47:22.306Z"}
{"level":"info","message":"User connected: qFEtNAAtlF8C4LbfAAAN","timestamp":"2025-04-11T15:47:22.429Z"}
{"level":"info","message":"User disconnected: XnSnh1U7FGBmUCCpAAAH","timestamp":"2025-04-11T15:47:35.200Z"}
{"level":"info","message":"User connected: eZxzMbRePdk-yrBUAAAQ","timestamp":"2025-04-11T15:47:40.108Z"}
{"level":"info","message":"User disconnected: eZxzMbRePdk-yrBUAAAQ","timestamp":"2025-04-11T15:48:11.654Z"}
{"level":"info","message":"User disconnected: qFEtNAAtlF8C4LbfAAAN","timestamp":"2025-04-11T15:48:11.657Z"}
{"level":"info","message":"User connected: AxeShrEM2vcNlXR9AAAT","timestamp":"2025-04-11T15:48:11.973Z"}
{"level":"info","message":"User connected: M-bUS_YIop57680hAAAW","timestamp":"2025-04-11T15:48:12.079Z"}
{"level":"info","message":"User disconnected: AxeShrEM2vcNlXR9AAAT","timestamp":"2025-04-11T15:49:19.820Z"}
{"level":"info","message":"User connected: d1oeX5lS25txjJhYAAAZ","timestamp":"2025-04-11T15:49:19.889Z"}
{"level":"info","message":"User connected: SQc6QkEesxK1Wf4uAAAc","timestamp":"2025-04-11T15:49:38.433Z"}
{"level":"info","message":"User disconnected: SQc6QkEesxK1Wf4uAAAc","timestamp":"2025-04-11T15:49:45.220Z"}
{"level":"info","message":"User disconnected: d1oeX5lS25txjJhYAAAZ","timestamp":"2025-04-11T15:49:48.058Z"}
{"level":"info","message":"User connected: u6YR_runHWea9JXRAAAf","timestamp":"2025-04-11T15:50:12.262Z"}
{"level":"info","message":"User disconnected: u6YR_runHWea9JXRAAAf","timestamp":"2025-04-11T16:00:30.428Z"}
{"level":"info","message":"User connected: gruSWlRdmMmow_7sAAAi","timestamp":"2025-04-11T16:00:30.524Z"}
{"level":"info","message":"User disconnected: gruSWlRdmMmow_7sAAAi","timestamp":"2025-04-11T16:07:21.744Z"}
{"level":"info","message":"User connected: Lpp2FYCZppBXi8PCAAAl","timestamp":"2025-04-11T16:07:24.930Z"}
{"level":"info","message":"User disconnected: M-bUS_YIop57680hAAAW","timestamp":"2025-04-11T16:15:58.527Z"}
{"level":"info","message":"User connected: VFUAVvhaer9qyCctAAAo","timestamp":"2025-04-11T16:15:58.594Z"}
{"level":"info","message":"User disconnected: Lpp2FYCZppBXi8PCAAAl","timestamp":"2025-04-11T16:18:26.868Z"}
{"level":"info","message":"User connected: 8V7Ihh_rfEi-tr2fAAAr","timestamp":"2025-04-11T16:18:40.797Z"}
{"level":"info","message":"User disconnected: 8V7Ihh_rfEi-tr2fAAAr","timestamp":"2025-04-11T16:20:38.513Z"}
{"level":"info","message":"User connected: 5NUxaFUj1KIJdPkEAAAu","timestamp":"2025-04-11T16:20:45.725Z"}
{"level":"info","message":"User disconnected: 5NUxaFUj1KIJdPkEAAAu","timestamp":"2025-04-11T16:20:56.172Z"}
{"level":"info","message":"User disconnected: VFUAVvhaer9qyCctAAAo","timestamp":"2025-04-11T16:21:42.949Z"}
{"level":"info","message":"User connected: 0hizvkHMxuMDOaowAAAx","timestamp":"2025-04-11T16:21:43.080Z"}
{"level":"info","message":"User disconnected: 0hizvkHMxuMDOaowAAAx","timestamp":"2025-04-11T16:21:52.062Z"}
{"level":"info","message":"User connected: Z4UpBffO4f6TkKdhAAA0","timestamp":"2025-04-11T16:21:52.502Z"}
{"level":"info","message":"User disconnected: Z4UpBffO4f6TkKdhAAA0","timestamp":"2025-04-11T16:23:06.292Z"}
{"level":"info","message":"User connected: uL697TipDNlg1yOeAAA3","timestamp":"2025-04-11T16:33:56.175Z"}
{"level":"info","message":"User disconnected: uL697TipDNlg1yOeAAA3","timestamp":"2025-04-11T16:37:29.071Z"}
{"level":"info","message":"User connected: _0mcQTa5f0UTZ-DrAAA6","timestamp":"2025-04-11T16:37:38.345Z"}
{"level":"info","message":"Server running on port 5000","timestamp":"2025-04-11T16:38:18.008Z"}
{"level":"info","message":"✅ Kết nối database hoạt động tốt","timestamp":"2025-04-11T16:38:18.029Z"}
{"level":"info","message":"User connected: gk-cVbtXWX1HdSxCAAAB","timestamp":"2025-04-11T16:38:20.363Z"}
{"level":"error","message":"Socket authentication error: invalid signature","timestamp":"2025-04-11T16:38:20.366Z"}
{"level":"info","message":"Server running on port 5000","timestamp":"2025-04-11T16:41:09.014Z"}
{"level":"info","message":"✅ Kết nối database hoạt động tốt","timestamp":"2025-04-11T16:41:09.036Z"}
{"level":"info","message":"User connected: jc3e2nMYB8cJIDCAAAAC","timestamp":"2025-04-11T16:41:41.930Z"}
{"level":"info","message":"User disconnected: jc3e2nMYB8cJIDCAAAAC","timestamp":"2025-04-11T16:42:33.370Z"}
{"level":"info","message":"User connected: v9xdYuK9cA6F9FZyAAAE","timestamp":"2025-04-11T16:42:33.385Z"}
{"level":"info","message":"User disconnected: v9xdYuK9cA6F9FZyAAAE","timestamp":"2025-04-11T16:42:33.410Z"}
{"level":"info","message":"User connected: zXuwDX6xxivhzDRVAAAH","timestamp":"2025-04-11T16:52:13.961Z"}
{"level":"info","message":"User disconnected: zXuwDX6xxivhzDRVAAAH","timestamp":"2025-04-11T16:52:14.078Z"}
{"level":"info","message":"User connected: Ajg7bNjN2_jl-XKmAAAK","timestamp":"2025-04-11T16:52:17.514Z"}
{"level":"info","message":"User disconnected: Ajg7bNjN2_jl-XKmAAAK","timestamp":"2025-04-11T16:52:17.630Z"}
{"level":"info","message":"User connected: 7py9yGpY9ZyDXUENAAAN","timestamp":"2025-04-11T16:55:01.114Z"}
{"level":"info","message":"User disconnected: 7py9yGpY9ZyDXUENAAAN","timestamp":"2025-04-11T16:55:01.238Z"}
{"level":"info","message":"User connected: C8xTDnB-lQfdIF5-AAAQ","timestamp":"2025-04-11T16:55:29.721Z"}
{"level":"info","message":"User disconnected: C8xTDnB-lQfdIF5-AAAQ","timestamp":"2025-04-11T16:56:11.364Z"}
{"level":"info","message":"User connected: nFaU-61aHZwaMp6IAAAS","timestamp":"2025-04-11T16:56:11.380Z"}
{"level":"info","message":"User disconnected: nFaU-61aHZwaMp6IAAAS","timestamp":"2025-04-11T16:56:11.395Z"}
{"level":"info","message":"User connected: Gyf-narBfscJ5yohAAAV","timestamp":"2025-04-11T16:56:42.010Z"}
{"level":"info","message":"User disconnected: Gyf-narBfscJ5yohAAAV","timestamp":"2025-04-11T16:56:42.125Z"}
{"level":"info","message":"User connected: mnI670WAvI5VhaecAAAY","timestamp":"2025-04-11T16:56:56.675Z"}
{"level":"info","message":"User disconnected: mnI670WAvI5VhaecAAAY","timestamp":"2025-04-11T16:57:16.602Z"}
{"level":"info","message":"User connected: _3Cc6wCC0-dZozNBAAAb","timestamp":"2025-04-11T16:57:16.905Z"}
{"level":"info","message":"User disconnected: _3Cc6wCC0-dZozNBAAAb","timestamp":"2025-04-11T16:57:16.946Z"}
{"level":"info","message":"User connected: I1EUKRYo-WA4ynJNAAAe","timestamp":"2025-04-11T16:57:24.357Z"}
{"level":"info","message":"User disconnected: I1EUKRYo-WA4ynJNAAAe","timestamp":"2025-04-11T16:57:26.965Z"}
{"level":"info","message":"User connected: lriTHIk_QHSQEy5kAAAh","timestamp":"2025-04-11T16:57:27.122Z"}
{"level":"info","message":"User disconnected: lriTHIk_QHSQEy5kAAAh","timestamp":"2025-04-11T16:57:35.471Z"}
{"level":"info","message":"User connected: ozE2tG8ml7ui7ue6AAAk","timestamp":"2025-04-11T16:57:35.532Z"}
{"level":"info","message":"User disconnected: ozE2tG8ml7ui7ue6AAAk","timestamp":"2025-04-11T18:17:22.560Z"}
{"level":"info","message":"Server running on port 5000","timestamp":"2025-04-12T18:03:22.413Z"}
{"level":"info","message":"✅ Kết nối database hoạt động tốt","timestamp":"2025-04-12T18:03:22.435Z"}
{"level":"info","message":"Server running on port 5000","timestamp":"2025-04-12T18:05:21.812Z"}
{"level":"info","message":"✅ Kết nối database hoạt động tốt","timestamp":"2025-04-12T18:05:21.835Z"}
{"level":"info","message":"User connected: SaIw8v3i6flrykHLAAAC","timestamp":"2025-04-12T18:05:23.840Z"}
{"level":"info","message":"User disconnected: SaIw8v3i6flrykHLAAAC","timestamp":"2025-04-12T18:06:21.356Z"}
{"level":"info","message":"User connected: t1DGARQBGNJFueEzAAAE","timestamp":"2025-04-12T18:06:21.391Z"}
{"level":"info","message":"Server running on port 5000","timestamp":"2025-04-12T18:13:59.446Z"}
{"level":"info","message":"✅ Kết nối database hoạt động tốt","timestamp":"2025-04-12T18:13:59.471Z"}
{"level":"info","message":"User connected: hR0BLjzurh_GXnZFAAAB","timestamp":"2025-04-12T18:13:59.474Z"}
{"level":"info","message":"User disconnected: hR0BLjzurh_GXnZFAAAB","timestamp":"2025-04-12T18:14:02.223Z"}
{"level":"info","message":"Server running on port 5000","timestamp":"2025-04-12T18:15:02.128Z"}
{"level":"info","message":"✅ Kết nối database hoạt động tốt","timestamp":"2025-04-12T18:15:02.147Z"}
{"level":"info","message":"User connected: irFH7HoAmB5D3UIdAAAC","timestamp":"2025-04-12T18:15:06.321Z"}
{"level":"info","message":"User disconnected: irFH7HoAmB5D3UIdAAAC","timestamp":"2025-04-12T18:15:11.011Z"}
{"level":"info","message":"User connected: Vj6dwFNuj63176akAAAF","timestamp":"2025-04-12T18:15:17.974Z"}
{"level":"info","message":"User disconnected: Vj6dwFNuj63176akAAAF","timestamp":"2025-04-12T18:15:19.286Z"}
{"level":"info","message":"User connected: gVG6HkCB0cDSuFVkAAAI","timestamp":"2025-04-12T18:15:22.571Z"}
{"level":"info","message":"User disconnected: gVG6HkCB0cDSuFVkAAAI","timestamp":"2025-04-12T18:15:28.717Z"}
{"level":"info","message":"User connected: 5MN9_3HhdI8i__fVAAAL","timestamp":"2025-04-12T18:17:31.065Z"}
{"level":"info","message":"User disconnected: 5MN9_3HhdI8i__fVAAAL","timestamp":"2025-04-12T18:17:34.521Z"}
{"level":"info","message":"User connected: CMCKgpryHIvk2m8HAAAO","timestamp":"2025-04-12T18:17:41.021Z"}
{"level":"info","message":"User disconnected: CMCKgpryHIvk2m8HAAAO","timestamp":"2025-04-12T18:17:53.799Z"}
{"level":"info","message":"Server running on port 5000","timestamp":"2025-04-12T18:20:28.466Z"}
{"level":"info","message":"✅ Kết nối database hoạt động tốt","timestamp":"2025-04-12T18:20:28.485Z"}
{"level":"info","message":"User connected: gzSw2IxhrqPo2SXTAAAC","timestamp":"2025-04-12T18:20:45.469Z"}
{"level":"info","message":"User disconnected: gzSw2IxhrqPo2SXTAAAC","timestamp":"2025-04-12T18:20:53.755Z"}
{"level":"info","message":"User connected: roSw85qIVQDNH4ZBAAAF","timestamp":"2025-04-12T18:21:02.296Z"}
{"level":"info","message":"User disconnected: roSw85qIVQDNH4ZBAAAF","timestamp":"2025-04-12T18:21:06.014Z"}
{"level":"info","message":"Server running on port 5000","timestamp":"2025-04-12T18:24:50.954Z"}
{"level":"info","message":"✅ Kết nối database hoạt động tốt","timestamp":"2025-04-12T18:24:50.972Z"}
{"level":"info","message":"Server running on port 5000","timestamp":"2025-04-12T18:35:05.841Z"}
{"level":"info","message":"✅ Kết nối database hoạt động tốt","timestamp":"2025-04-12T18:35:05.861Z"}
{"level":"info","message":"Server running on port 5000","timestamp":"2025-04-12T18:37:03.433Z"}
{"level":"info","message":"✅ Kết nối database hoạt động tốt","timestamp":"2025-04-12T18:37:03.453Z"}
{"level":"info","message":"Server running on port 5000","timestamp":"2025-04-13T13:43:52.066Z"}
{"level":"error","message":"❌ Database connection error: db.testConnection is not a function","timestamp":"2025-04-13T13:43:52.068Z"}
{"level":"info","message":"Server running on port 5000","timestamp":"2025-04-13T13:45:18.005Z"}
{"level":"error","message":"❌ Database connection error: db.testConnection is not a function","timestamp":"2025-04-13T13:45:18.007Z"}
{"level":"info","message":"Server running on port 5000","timestamp":"2025-04-13T13:45:25.987Z"}
{"level":"info","message":"✅ Kết nối database hoạt động tốt","timestamp":"2025-04-13T13:45:26.020Z"}
{"level":"info","message":"Server running on port 5000","timestamp":"2025-04-13T13:46:05.806Z"}
{"level":"info","message":"✅ Kết nối database hoạt động tốt","timestamp":"2025-04-13T13:46:05.823Z"}
{"level":"info","message":"Server running on port 5000","timestamp":"2025-04-13T13:46:15.817Z"}
{"level":"info","message":"✅ Kết nối database hoạt động tốt","timestamp":"2025-04-13T13:46:15.835Z"}
{"level":"info","message":"Server running on port 5000","timestamp":"2025-04-13T13:57:50.629Z"}
{"level":"info","message":"✅ Kết nối database hoạt động tốt","timestamp":"2025-04-13T13:57:50.648Z"}
{"level":"info","message":"Server running on port 5000","timestamp":"2025-04-13T13:58:38.411Z"}
{"level":"info","message":"✅ Kết nối database hoạt động tốt","timestamp":"2025-04-13T13:58:38.432Z"}
{"level":"info","message":"Server running on port 5000","timestamp":"2025-04-13T14:01:01.541Z"}
{"level":"info","message":"✅ Kết nối database hoạt động tốt","timestamp":"2025-04-13T14:01:01.560Z"}
{"level":"info","message":"Server running on port 5000","timestamp":"2025-04-13T14:01:57.884Z"}
{"level":"info","message":"✅ Kết nối database hoạt động tốt","timestamp":"2025-04-13T14:01:57.904Z"}
{"level":"info","message":"Socket connected: lfenBuG8QAAVoC6YAAAC","timestamp":"2025-04-13T14:02:11.671Z"}
{"level":"error","message":"Socket error: (intermediate value) is not iterable","timestamp":"2025-04-13T14:02:11.685Z"}
{"level":"info","message":"Socket connected: A51PU5LIlVBmNjlJAAAE","timestamp":"2025-04-13T14:03:38.377Z"}
{"level":"error","message":"Socket error: (intermediate value) is not iterable","timestamp":"2025-04-13T14:03:38.381Z"}
{"level":"info","message":"Socket connected: G9kmhrHxlssMFn7pAAAG","timestamp":"2025-04-13T14:03:59.371Z"}
{"level":"error","message":"Socket error: (intermediate value) is not iterable","timestamp":"2025-04-13T14:03:59.375Z"}
{"level":"info","message":"Server running on port 5000","timestamp":"2025-04-13T14:05:14.297Z"}
{"level":"info","message":"✅ Kết nối database hoạt động tốt","timestamp":"2025-04-13T14:05:14.315Z"}
{"level":"info","message":"Server running on port 5000","timestamp":"2025-04-13T14:05:56.523Z"}
{"level":"info","message":"✅ Kết nối database hoạt động tốt","timestamp":"2025-04-13T14:05:56.541Z"}
{"level":"info","message":"Socket connected: nmXIZcUEWPMmsT8_AAAC","timestamp":"2025-04-13T14:06:11.845Z"}
{"level":"error","message":"Socket error: (intermediate value) is not iterable","timestamp":"2025-04-13T14:06:11.862Z"}
{"level":"info","message":"Server running on port 5000","timestamp":"2025-04-13T14:07:38.880Z"}
{"level":"info","message":"✅ Kết nối database hoạt động tốt","timestamp":"2025-04-13T14:07:38.900Z"}
{"level":"info","message":"Server running on port 5000","timestamp":"2025-04-13T14:08:59.419Z"}
{"level":"info","message":"✅ Kết nối database hoạt động tốt","timestamp":"2025-04-13T14:08:59.438Z"}
{"level":"info","message":"Socket connected: wWOEz2c_CnB5jkHzAAAC","timestamp":"2025-04-13T14:09:30.810Z"}
{"level":"error","message":"Socket error: (intermediate value) is not iterable","timestamp":"2025-04-13T14:09:30.825Z"}
{"level":"info","message":"Server running on port 5000","timestamp":"2025-04-13T14:13:47.182Z"}
{"level":"info","message":"✅ Kết nối database hoạt động tốt","timestamp":"2025-04-13T14:13:47.201Z"}
{"level":"info","message":"Socket connected: 9tVj3MhAtgKJfo2gAAAC","timestamp":"2025-04-13T14:14:12.574Z"}
{"level":"error","message":"Socket error: (intermediate value) is not iterable","timestamp":"2025-04-13T14:14:12.587Z"}
{"level":"info","message":"Socket connected: UbJKK8q0FuQ8Ft21AAAF","timestamp":"2025-04-13T14:15:33.393Z"}
{"level":"error","message":"Socket error: (intermediate value) is not iterable","timestamp":"2025-04-13T14:15:33.397Z"}
{"level":"info","message":"Server running on port 5000","timestamp":"2025-04-13T14:16:43.690Z"}
{"level":"info","message":"✅ Kết nối database hoạt động tốt","timestamp":"2025-04-13T14:16:43.711Z"}
{"level":"info","message":"Socket connected: WoBgmTgCWsyjJsWIAAAC","timestamp":"2025-04-13T14:17:04.500Z"}
{"level":"error","message":"Socket error: (intermediate value) is not iterable","timestamp":"2025-04-13T14:17:04.512Z"}
{"level":"info","message":"Socket connected: xCH4D7m9QmjGNIt5AAAF","timestamp":"2025-04-13T14:19:03.377Z"}
{"level":"error","message":"Socket error: (intermediate value) is not iterable","timestamp":"2025-04-13T14:19:03.381Z"}
{"level":"info","message":"Server running on port 5000","timestamp":"2025-04-13T14:20:02.438Z"}
{"level":"info","message":"✅ Kết nối database hoạt động tốt","timestamp":"2025-04-13T14:20:02.457Z"}
{"level":"info","message":"Socket connected: bmEuVSQG0ODgQOPTAAAC","timestamp":"2025-04-13T14:20:25.763Z"}
{"level":"info","message":"Socket disconnected: bmEuVSQG0ODgQOPTAAAC","timestamp":"2025-04-13T14:21:52.362Z"}
{"level":"info","message":"User 12 is now offline (no active connections)","timestamp":"2025-04-13T14:21:52.366Z"}
{"level":"info","message":"Socket connected: NRHVSy_rwhNb8465AAAE","timestamp":"2025-04-13T14:21:52.379Z"}
{"level":"info","message":"Server running on port 5000","timestamp":"2025-04-13T14:23:22.086Z"}
{"level":"info","message":"✅ Kết nối database hoạt động tốt","timestamp":"2025-04-13T14:23:22.105Z"}
{"level":"info","message":"Socket connected: NTMLLYIpttMKihTbAAAB","timestamp":"2025-04-13T14:23:22.355Z"}
{"level":"info","message":"Socket disconnected: NTMLLYIpttMKihTbAAAB","timestamp":"2025-04-13T14:24:08.322Z"}
{"level":"info","message":"User 12 is now offline (no active connections)","timestamp":"2025-04-13T14:24:08.326Z"}
{"level":"info","message":"Socket connected: r5eA1-AfDZCcgYafAAAE","timestamp":"2025-04-13T14:24:14.784Z"}
{"level":"info","message":"Socket connected: hfv5c71ocWy7vFkiAAAH","timestamp":"2025-04-13T14:25:19.442Z"}
{"level":"info","message":"Socket disconnected: r5eA1-AfDZCcgYafAAAE","timestamp":"2025-04-13T14:26:55.350Z"}
{"level":"info","message":"Socket disconnected: hfv5c71ocWy7vFkiAAAH","timestamp":"2025-04-13T14:26:55.358Z"}
{"level":"info","message":"User 12 is now offline (no active connections)","timestamp":"2025-04-13T14:26:55.363Z"}
{"level":"info","message":"Socket connected: 9Nd-3mtSEvRS9GMCAAAJ","timestamp":"2025-04-13T14:26:55.365Z"}
{"level":"info","message":"User 10 is now offline (no active connections)","timestamp":"2025-04-13T14:26:55.367Z"}
{"level":"info","message":"Socket connected: _ATM7NjGKMiNsQ1qAAAL","timestamp":"2025-04-13T14:26:55.382Z"}
{"level":"info","message":"Socket disconnected: _ATM7NjGKMiNsQ1qAAAL","timestamp":"2025-04-13T14:27:03.355Z"}
{"level":"info","message":"Socket disconnected: 9Nd-3mtSEvRS9GMCAAAJ","timestamp":"2025-04-13T14:27:03.362Z"}
{"level":"info","message":"User 10 is now offline (no active connections)","timestamp":"2025-04-13T14:27:03.367Z"}
{"level":"info","message":"Socket connected: A2uTdpDFq4ipwOFXAAAO","timestamp":"2025-04-13T14:27:03.369Z"}
{"level":"info","message":"User 12 is now offline (no active connections)","timestamp":"2025-04-13T14:27:03.372Z"}
{"level":"info","message":"Socket connected: cY7AffomEIPgVwtcAAAP","timestamp":"2025-04-13T14:27:03.377Z"}
{"level":"info","message":"Server running on port 5000","timestamp":"2025-04-13T14:27:23.984Z"}
{"level":"info","message":"✅ Kết nối database hoạt động tốt","timestamp":"2025-04-13T14:27:24.005Z"}
{"level":"info","message":"Socket connected: Y1Vq9CPQzwMtiGfNAAAB","timestamp":"2025-04-13T14:27:24.365Z"}
{"level":"info","message":"Socket connected: sp7I2PESLkHdOQc5AAAD","timestamp":"2025-04-13T14:27:25.354Z"}
{"level":"info","message":"Socket disconnected: Y1Vq9CPQzwMtiGfNAAAB","timestamp":"2025-04-13T14:27:51.522Z"}
{"level":"info","message":"User 10 is now offline (no active connections)","timestamp":"2025-04-13T14:27:51.526Z"}
{"level":"info","message":"Socket connected: rz0VFXe33N8A1-twAAAG","timestamp":"2025-04-13T14:27:51.811Z"}
{"level":"info","message":"Socket disconnected: sp7I2PESLkHdOQc5AAAD","timestamp":"2025-04-13T14:27:53.584Z"}
{"level":"info","message":"User 12 is now offline (no active connections)","timestamp":"2025-04-13T14:27:53.587Z"}
{"level":"info","message":"Socket connected: bzpgHf9M6sEimZLVAAAJ","timestamp":"2025-04-13T14:27:53.802Z"}
{"level":"info","message":"Socket disconnected: bzpgHf9M6sEimZLVAAAJ","timestamp":"2025-04-13T14:29:36.350Z"}
{"level":"info","message":"User 12 is now offline (no active connections)","timestamp":"2025-04-13T14:29:36.355Z"}
{"level":"info","message":"Socket disconnected: rz0VFXe33N8A1-twAAAG","timestamp":"2025-04-13T14:29:36.375Z"}
{"level":"info","message":"User 10 is now offline (no active connections)","timestamp":"2025-04-13T14:29:36.379Z"}
{"level":"info","message":"Socket connected: Ar_ejVR3QZTVhIzCAAAM","timestamp":"2025-04-13T14:29:36.387Z"}
{"level":"info","message":"Socket connected: eleMyUuvmViKt2-iAAAN","timestamp":"2025-04-13T14:29:36.395Z"}
{"level":"info","message":"Server running on port 5000","timestamp":"2025-04-13T14:30:03.863Z"}
{"level":"info","message":"✅ Kết nối database hoạt động tốt","timestamp":"2025-04-13T14:30:03.887Z"}
{"level":"info","message":"Socket connected: HajSgGEBIhnbDz2sAAAB","timestamp":"2025-04-13T14:30:03.890Z"}
{"level":"info","message":"Socket connected: 4LU__BEKFrS6w8dUAAAD","timestamp":"2025-04-13T14:30:04.356Z"}
{"level":"info","message":"Socket disconnected: 4LU__BEKFrS6w8dUAAAD","timestamp":"2025-04-13T14:30:20.973Z"}
{"level":"info","message":"User 12 is now offline (no active connections)","timestamp":"2025-04-13T14:30:20.984Z"}
{"level":"info","message":"Socket disconnected: HajSgGEBIhnbDz2sAAAB","timestamp":"2025-04-13T14:30:21.320Z"}
{"level":"info","message":"User 10 is now offline (no active connections)","timestamp":"2025-04-13T14:30:21.333Z"}
{"level":"info","message":"Socket connected: 20fsWfbYHRPH8bcYAAAG","timestamp":"2025-04-13T14:30:24.716Z"}
{"level":"info","message":"Socket connected: PU1KILgAixJQinBNAAAJ","timestamp":"2025-04-13T14:30:30.324Z"}
{"level":"info","message":"Server running on port 5000","timestamp":"2025-04-13T14:32:00.945Z"}
{"level":"info","message":"✅ Kết nối database hoạt động tốt","timestamp":"2025-04-13T14:32:00.964Z"}
{"level":"info","message":"Socket connected: g310JyM7KgYX9tM9AAAC","timestamp":"2025-04-13T14:32:01.139Z"}
{"level":"info","message":"Socket connected: b009sPNOwxTA9E_aAAAD","timestamp":"2025-04-13T14:32:01.148Z"}
{"level":"info","message":"Socket disconnected: b009sPNOwxTA9E_aAAAD","timestamp":"2025-04-13T14:32:16.507Z"}
{"level":"info","message":"User 10 is now offline (no active connections)","timestamp":"2025-04-13T14:32:16.514Z"}
{"level":"info","message":"Socket disconnected: g310JyM7KgYX9tM9AAAC","timestamp":"2025-04-13T14:32:17.031Z"}
{"level":"info","message":"User 12 is now offline (no active connections)","timestamp":"2025-04-13T14:32:17.035Z"}
{"level":"info","message":"Socket connected: NPbf4aLbX0rybkCDAAAG","timestamp":"2025-04-13T14:32:20.686Z"}
{"level":"info","message":"Socket connected: rFhT5b7gHZBotASRAAAJ","timestamp":"2025-04-13T14:32:29.620Z"}
{"level":"info","message":"Server running on port 5000","timestamp":"2025-04-13T14:33:40.096Z"}
{"level":"info","message":"✅ Kết nối database hoạt động tốt","timestamp":"2025-04-13T14:33:40.114Z"}
{"level":"info","message":"Socket connected: N4mCwSxdBYv4Qj3SAAAB","timestamp":"2025-04-13T14:33:40.361Z"}
{"level":"info","message":"Socket connected: 6SiW6GCcDnJQ5_qWAAAD","timestamp":"2025-04-13T14:33:41.352Z"}
{"level":"info","message":"Socket disconnected: 6SiW6GCcDnJQ5_qWAAAD","timestamp":"2025-04-13T14:33:59.808Z"}
{"level":"info","message":"User 12 is now offline (no active connections)","timestamp":"2025-04-13T14:33:59.812Z"}
{"level":"info","message":"Socket disconnected: N4mCwSxdBYv4Qj3SAAAB","timestamp":"2025-04-13T14:34:00.017Z"}
{"level":"info","message":"User 10 is now offline (no active connections)","timestamp":"2025-04-13T14:34:00.022Z"}
{"level":"info","message":"Socket connected: 272Eq0haJidQZVYQAAAG","timestamp":"2025-04-13T14:34:03.440Z"}
{"level":"info","message":"Server running on port 5000","timestamp":"2025-04-13T14:35:13.330Z"}
{"level":"info","message":"✅ Kết nối database hoạt động tốt","timestamp":"2025-04-13T14:35:13.350Z"}
{"level":"info","message":"Socket connected: jdCvSguNUHVeLgmtAAAB","timestamp":"2025-04-13T14:35:13.361Z"}
{"level":"info","message":"Socket disconnected: jdCvSguNUHVeLgmtAAAB","timestamp":"2025-04-13T14:35:27.515Z"}
{"level":"info","message":"User 12 is now offline (no active connections)","timestamp":"2025-04-13T14:35:27.528Z"}
{"level":"info","message":"Socket connected: ZolN4HCfctSTMCuaAAAE","timestamp":"2025-04-13T14:35:30.636Z"}
{"level":"info","message":"Socket connected: l4YFxhv8dNQTXXyCAAAH","timestamp":"2025-04-13T14:36:17.322Z"}
{"level":"info","message":"Server running on port 5000","timestamp":"2025-04-13T14:37:42.559Z"}
{"level":"info","message":"✅ Kết nối database hoạt động tốt","timestamp":"2025-04-13T14:37:42.579Z"}
{"level":"info","message":"Socket connected: ioScThJ0FHp9i4-lAAAC","timestamp":"2025-04-13T14:37:42.642Z"}
{"level":"info","message":"Socket connected: IzSVHZpl54yFWaIjAAAD","timestamp":"2025-04-13T14:37:42.647Z"}
{"level":"info","message":"Socket disconnected: ioScThJ0FHp9i4-lAAAC","timestamp":"2025-04-13T14:37:57.053Z"}
{"level":"info","message":"User 10 is now offline (no active connections)","timestamp":"2025-04-13T14:37:57.057Z"}
{"level":"info","message":"Socket connected: UI-S_vR16I_YyEA0AAAG","timestamp":"2025-04-13T14:37:57.240Z"}
{"level":"info","message":"Socket disconnected: IzSVHZpl54yFWaIjAAAD","timestamp":"2025-04-13T14:38:06.231Z"}
{"level":"info","message":"User 12 is now offline (no active connections)","timestamp":"2025-04-13T14:38:06.244Z"}
{"level":"info","message":"Socket connected: zhXo58HFxS5MTss3AAAJ","timestamp":"2025-04-13T14:38:06.417Z"}
{"level":"info","message":"Socket disconnected: zhXo58HFxS5MTss3AAAJ","timestamp":"2025-04-13T14:38:51.129Z"}
{"level":"info","message":"Socket connected: 7H5hf9rM6rR61hknAAAM","timestamp":"2025-04-13T14:38:51.309Z"}
{"level":"info","message":"Server running on port 5000","timestamp":"2025-04-13T14:39:05.046Z"}
{"level":"info","message":"✅ Kết nối database hoạt động tốt","timestamp":"2025-04-13T14:39:05.072Z"}
{"level":"info","message":"Socket connected: qLWG1BTEsXdDzl13AAAB","timestamp":"2025-04-13T14:39:07.364Z"}
{"level":"info","message":"Socket connected: FXaXlwKmmrFsHsVvAAAD","timestamp":"2025-04-13T14:39:08.352Z"}
{"level":"info","message":"Socket disconnected: qLWG1BTEsXdDzl13AAAB","timestamp":"2025-04-13T14:39:21.038Z"}
{"level":"info","message":"Socket disconnected: FXaXlwKmmrFsHsVvAAAD","timestamp":"2025-04-13T14:39:21.309Z"}
{"level":"info","message":"User 10 is now offline (no active connections)","timestamp":"2025-04-13T14:39:21.321Z"}
{"level":"info","message":"Socket connected: _q3HmFELIOlprnPlAAAG","timestamp":"2025-04-13T14:39:35.825Z"}
{"level":"info","message":"Socket connected: IB-fvNI_wfYkJhr6AAAJ","timestamp":"2025-04-13T14:39:51.570Z"}
{"level":"info","message":"Socket disconnected: _q3HmFELIOlprnPlAAAG","timestamp":"2025-04-13T14:39:59.543Z"}
{"level":"info","message":"User 12 is now offline (no active connections)","timestamp":"2025-04-13T14:39:59.556Z"}
{"level":"info","message":"Socket connected: rs0O9Nu4XFD0ZYsSAAAM","timestamp":"2025-04-13T14:39:59.620Z"}
{"level":"info","message":"Socket disconnected: rs0O9Nu4XFD0ZYsSAAAM","timestamp":"2025-04-13T14:40:01.612Z"}
{"level":"info","message":"Socket connected: T1aYznN2sVePtjt3AAAP","timestamp":"2025-04-13T14:40:01.674Z"}
{"level":"info","message":"Socket disconnected: T1aYznN2sVePtjt3AAAP","timestamp":"2025-04-13T14:40:17.681Z"}
{"level":"info","message":"Socket connected: 7Tp437mKLJoyXH6DAAAS","timestamp":"2025-04-13T14:40:22.972Z"}
{"level":"error","message":"Socket error: jwt expired","timestamp":"2025-04-13T14:40:22.974Z"}
{"level":"info","message":"Socket connected: f8QAy0OwoYZy4jM3AAAV","timestamp":"2025-04-13T14:40:30.809Z"}
{"level":"info","message":"Socket disconnected: f8QAy0OwoYZy4jM3AAAV","timestamp":"2025-04-13T14:40:37.842Z"}
{"level":"info","message":"User 12 is now offline (no active connections)","timestamp":"2025-04-13T14:40:37.845Z"}
{"level":"info","message":"Socket connected: bfAC0sai74DE7-0vAAAY","timestamp":"2025-04-13T14:40:37.920Z"}
{"level":"info","message":"Socket disconnected: bfAC0sai74DE7-0vAAAY","timestamp":"2025-04-13T14:41:33.354Z"}
{"level":"info","message":"Socket connected: wPju0OofNSukFMd0AAAa","timestamp":"2025-04-13T14:41:33.367Z"}
{"level":"info","message":"User 12 is now offline (no active connections)","timestamp":"2025-04-13T14:41:33.369Z"}
{"level":"info","message":"Socket disconnected: IB-fvNI_wfYkJhr6AAAJ","timestamp":"2025-04-13T14:41:33.373Z"}
{"level":"info","message":"User 10 is now offline (no active connections)","timestamp":"2025-04-13T14:41:33.375Z"}
{"level":"info","message":"Socket connected: ap8SsMC0RZ7lDeW0AAAc","timestamp":"2025-04-13T14:41:33.395Z"}
{"level":"info","message":"Socket disconnected: wPju0OofNSukFMd0AAAa","timestamp":"2025-04-13T14:41:59.348Z"}
{"level":"info","message":"User 12 is now offline (no active connections)","timestamp":"2025-04-13T14:41:59.351Z"}
{"level":"info","message":"Socket disconnected: ap8SsMC0RZ7lDeW0AAAc","timestamp":"2025-04-13T14:41:59.362Z"}
{"level":"info","message":"User 10 is now offline (no active connections)","timestamp":"2025-04-13T14:41:59.364Z"}
{"level":"info","message":"Socket connected: 0OLaHATslC5u-X2CAAAg","timestamp":"2025-04-13T14:41:59.368Z"}
{"level":"info","message":"Socket connected: CsiDF89eAIiqzdgSAAAi","timestamp":"2025-04-13T14:41:59.382Z"}
{"level":"info","message":"Server running on port 5000","timestamp":"2025-04-13T14:44:13.887Z"}
{"level":"info","message":"✅ Kết nối database hoạt động tốt","timestamp":"2025-04-13T14:44:13.906Z"}
{"level":"info","message":"Server running on port 5000","timestamp":"2025-04-13T14:47:57.345Z"}
{"level":"info","message":"✅ Kết nối database hoạt động tốt","timestamp":"2025-04-13T14:47:57.365Z"}
{"level":"info","message":"Server running on port 5000","timestamp":"2025-04-13T14:51:33.617Z"}
{"level":"info","message":"Socket connected: EfOzn6dQDiBO1MmkAAAB","timestamp":"2025-04-13T14:51:33.636Z"}
{"level":"info","message":"✅ Kết nối database hoạt động tốt","timestamp":"2025-04-13T14:51:33.648Z"}
{"level":"info","message":"Socket connected: S8NM83qV1GreIKZkAAAD","timestamp":"2025-04-13T14:51:33.669Z"}
{"level":"info","message":"Socket disconnected: EfOzn6dQDiBO1MmkAAAB","timestamp":"2025-04-13T14:51:50.736Z"}
{"level":"info","message":"User 12 is now offline (no active connections)","timestamp":"2025-04-13T14:51:50.749Z"}
{"level":"info","message":"Socket connected: H6vA4kjsPTo3LhELAAAG","timestamp":"2025-04-13T14:51:57.404Z"}
{"level":"info","message":"Socket disconnected: S8NM83qV1GreIKZkAAAD","timestamp":"2025-04-13T14:53:15.357Z"}
{"level":"info","message":"Socket disconnected: H6vA4kjsPTo3LhELAAAG","timestamp":"2025-04-13T14:53:15.358Z"}
{"level":"info","message":"User 10 is now offline (no active connections)","timestamp":"2025-04-13T14:53:15.365Z"}
{"level":"info","message":"User 12 is now offline (no active connections)","timestamp":"2025-04-13T14:53:15.367Z"}
{"level":"info","message":"Socket connected: VpvT_xfZaVQgNVXqAAAJ","timestamp":"2025-04-13T14:53:15.382Z"}
{"level":"info","message":"Socket connected: VfU2Gl87kVKJx2SUAAAK","timestamp":"2025-04-13T14:53:15.387Z"}
{"level":"info","message":"Socket disconnected: VpvT_xfZaVQgNVXqAAAJ","timestamp":"2025-04-13T14:53:15.439Z"}
{"level":"info","message":"User 10 is now offline (no active connections)","timestamp":"2025-04-13T14:53:15.441Z"}
{"level":"info","message":"Socket disconnected: VfU2Gl87kVKJx2SUAAAK","timestamp":"2025-04-13T14:53:47.627Z"}
{"level":"info","message":"User 12 is now offline (no active connections)","timestamp":"2025-04-13T14:53:47.631Z"}
{"level":"info","message":"Socket connected: ne5a6h6c7G2FUA5tAAAN","timestamp":"2025-04-13T14:53:52.958Z"}
{"level":"info","message":"Socket disconnected: ne5a6h6c7G2FUA5tAAAN","timestamp":"2025-04-13T14:53:58.339Z"}
{"level":"info","message":"User 12 is now offline (no active connections)","timestamp":"2025-04-13T14:53:58.342Z"}
{"level":"info","message":"Socket connected: TmOlBpbF-Y4A0nSjAAAQ","timestamp":"2025-04-13T14:54:12.912Z"}
{"level":"info","message":"Socket disconnected: TmOlBpbF-Y4A0nSjAAAQ","timestamp":"2025-04-13T14:54:14.438Z"}
{"level":"info","message":"User 12 is now offline (no active connections)","timestamp":"2025-04-13T14:54:14.441Z"}
{"level":"info","message":"Socket connected: ajiMYoq8JBgmJASoAAAV","timestamp":"2025-04-13T14:54:43.386Z"}
{"level":"info","message":"Socket connected: ZwGhapN3iO6XHiNlAAAW","timestamp":"2025-04-13T14:54:43.395Z"}
{"level":"info","message":"Socket disconnected: ZwGhapN3iO6XHiNlAAAW","timestamp":"2025-04-13T14:54:53.353Z"}
{"level":"info","message":"Socket disconnected: ajiMYoq8JBgmJASoAAAV","timestamp":"2025-04-13T14:54:53.356Z"}
{"level":"info","message":"User 10 is now offline (no active connections)","timestamp":"2025-04-13T14:54:53.357Z"}
{"level":"info","message":"User 12 is now offline (no active connections)","timestamp":"2025-04-13T14:54:53.362Z"}
{"level":"info","message":"Socket connected: 7xgqF3_rQqQSoO6PAAAZ","timestamp":"2025-04-13T14:54:53.377Z"}
{"level":"info","message":"Socket connected: QMyaQxbjFJ7_3B5xAAAa","timestamp":"2025-04-13T14:54:53.393Z"}
{"level":"info","message":"Socket disconnected: QMyaQxbjFJ7_3B5xAAAa","timestamp":"2025-04-13T14:55:03.349Z"}
{"level":"info","message":"Socket disconnected: 7xgqF3_rQqQSoO6PAAAZ","timestamp":"2025-04-13T14:55:03.351Z"}
{"level":"info","message":"User 12 is now offline (no active connections)","timestamp":"2025-04-13T14:55:03.357Z"}
{"level":"info","message":"User 10 is now offline (no active connections)","timestamp":"2025-04-13T14:55:03.360Z"}
{"level":"info","message":"Socket connected: jaXCFB6N_JxtTDo9AAAd","timestamp":"2025-04-13T14:55:03.369Z"}
{"level":"info","message":"Socket connected: bciHDi7Ia0NLx_3dAAAe","timestamp":"2025-04-13T14:55:03.382Z"}
{"level":"info","message":"Socket disconnected: jaXCFB6N_JxtTDo9AAAd","timestamp":"2025-04-13T14:55:32.786Z"}
{"level":"info","message":"User 12 is now offline (no active connections)","timestamp":"2025-04-13T14:55:32.791Z"}
{"level":"info","message":"Socket disconnected: bciHDi7Ia0NLx_3dAAAe","timestamp":"2025-04-13T14:55:35.838Z"}
{"level":"info","message":"User 10 is now offline (no active connections)","timestamp":"2025-04-13T14:55:35.841Z"}
{"level":"info","message":"Socket connected: zPGTvjg0wcdi6k6KAAAh","timestamp":"2025-04-13T14:55:39.619Z"}
{"level":"info","message":"Socket connected: DT0dljAxhDXBDP8GAAAk","timestamp":"2025-04-13T14:55:44.152Z"}
{"level":"info","message":"Socket disconnected: DT0dljAxhDXBDP8GAAAk","timestamp":"2025-04-13T14:57:55.360Z"}
{"level":"info","message":"User 12 is now offline (no active connections)","timestamp":"2025-04-13T14:57:55.365Z"}
{"level":"info","message":"Socket disconnected: zPGTvjg0wcdi6k6KAAAh","timestamp":"2025-04-13T14:57:55.374Z"}
{"level":"info","message":"User 10 is now offline (no active connections)","timestamp":"2025-04-13T14:57:55.376Z"}
{"level":"info","message":"Socket connected: nA3K0kN4X0cv5W2KAAAn","timestamp":"2025-04-13T14:57:55.399Z"}
{"level":"info","message":"Socket connected: kMm-T69zhX1UWizkAAAo","timestamp":"2025-04-13T14:57:55.425Z"}
{"level":"info","message":"Socket disconnected: nA3K0kN4X0cv5W2KAAAn","timestamp":"2025-04-13T14:58:07.359Z"}
{"level":"info","message":"User 12 is now offline (no active connections)","timestamp":"2025-04-13T14:58:07.371Z"}
{"level":"info","message":"Socket disconnected: kMm-T69zhX1UWizkAAAo","timestamp":"2025-04-13T14:58:07.372Z"}
{"level":"info","message":"Socket connected: bd7lG_OWioUqD-IKAAAr","timestamp":"2025-04-13T14:58:07.376Z"}
{"level":"info","message":"User 10 is now offline (no active connections)","timestamp":"2025-04-13T14:58:07.378Z"}
{"level":"info","message":"Socket connected: A2f1BSnYEaId43wiAAAs","timestamp":"2025-04-13T14:58:07.423Z"}
{"level":"info","message":"Socket disconnected: bd7lG_OWioUqD-IKAAAr","timestamp":"2025-04-13T14:58:21.364Z"}
{"level":"info","message":"User 12 is now offline (no active connections)","timestamp":"2025-04-13T14:58:21.376Z"}
{"level":"info","message":"Socket connected: 16fwyfqmyk5-JRN7AAAu","timestamp":"2025-04-13T14:58:21.381Z"}
{"level":"info","message":"Socket disconnected: A2f1BSnYEaId43wiAAAs","timestamp":"2025-04-13T14:58:21.395Z"}
{"level":"info","message":"User 10 is now offline (no active connections)","timestamp":"2025-04-13T14:58:21.398Z"}
{"level":"info","message":"Socket connected: CkVIlR8IPR5iRM46AAAw","timestamp":"2025-04-13T14:58:21.429Z"}
{"level":"info","message":"Socket disconnected: CkVIlR8IPR5iRM46AAAw","timestamp":"2025-04-13T14:58:42.049Z"}
{"level":"info","message":"User 10 is now offline (no active connections)","timestamp":"2025-04-13T14:58:42.052Z"}
{"level":"info","message":"Socket connected: pQHmCfUlduEFXfDLAAAz","timestamp":"2025-04-13T14:58:42.255Z"}
{"level":"info","message":"Socket disconnected: 16fwyfqmyk5-JRN7AAAu","timestamp":"2025-04-13T14:58:47.659Z"}
{"level":"info","message":"User 12 is now offline (no active connections)","timestamp":"2025-04-13T14:58:47.670Z"}
{"level":"info","message":"Socket connected: FLEWbuXUMSUtQoqSAAA2","timestamp":"2025-04-13T14:58:47.900Z"}
{"level":"info","message":"Socket disconnected: FLEWbuXUMSUtQoqSAAA2","timestamp":"2025-04-13T15:00:00.352Z"}
{"level":"info","message":"User 12 is now offline (no active connections)","timestamp":"2025-04-13T15:00:00.356Z"}
{"level":"info","message":"Socket connected: LB4u3BT32qppAN0YAAA4","timestamp":"2025-04-13T15:00:00.370Z"}
{"level":"info","message":"Socket disconnected: pQHmCfUlduEFXfDLAAAz","timestamp":"2025-04-13T15:00:00.388Z"}
{"level":"info","message":"User 10 is now offline (no active connections)","timestamp":"2025-04-13T15:00:00.390Z"}
{"level":"info","message":"Socket connected: oOIsy5Hu07evZjYmAAA6","timestamp":"2025-04-13T15:00:00.434Z"}
{"level":"info","message":"Socket disconnected: LB4u3BT32qppAN0YAAA4","timestamp":"2025-04-13T15:00:18.360Z"}
{"level":"info","message":"User 12 is now offline (no active connections)","timestamp":"2025-04-13T15:00:18.363Z"}
{"level":"info","message":"Socket disconnected: oOIsy5Hu07evZjYmAAA6","timestamp":"2025-04-13T15:00:18.389Z"}
{"level":"info","message":"User 10 is now offline (no active connections)","timestamp":"2025-04-13T15:00:18.391Z"}
{"level":"info","message":"Socket connected: bMDlY0E6-7JsFzzyAAA9","timestamp":"2025-04-13T15:00:18.397Z"}
{"level":"info","message":"Socket connected: OtPr33jnHtVJnH9MAAA-","timestamp":"2025-04-13T15:00:18.426Z"}
{"level":"info","message":"Socket disconnected: bMDlY0E6-7JsFzzyAAA9","timestamp":"2025-04-13T15:00:36.354Z"}
{"level":"info","message":"User 12 is now offline (no active connections)","timestamp":"2025-04-13T15:00:36.367Z"}
{"level":"info","message":"Socket connected: wEDoHi-7LWbK2DLEAABA","timestamp":"2025-04-13T15:00:36.369Z"}
{"level":"info","message":"Socket disconnected: OtPr33jnHtVJnH9MAAA-","timestamp":"2025-04-13T15:00:36.384Z"}
{"level":"info","message":"User 10 is now offline (no active connections)","timestamp":"2025-04-13T15:00:36.387Z"}
{"level":"info","message":"Socket connected: LQwVmuSA8PoHiBJcAABC","timestamp":"2025-04-13T15:00:36.421Z"}
{"level":"info","message":"Socket disconnected: LQwVmuSA8PoHiBJcAABC","timestamp":"2025-04-13T15:00:57.331Z"}
{"level":"info","message":"User 10 is now offline (no active connections)","timestamp":"2025-04-13T15:00:57.333Z"}
{"level":"info","message":"Socket connected: CwOhN7HazDu2AvPUAABF","timestamp":"2025-04-13T15:00:57.534Z"}
{"level":"info","message":"Socket disconnected: wEDoHi-7LWbK2DLEAABA","timestamp":"2025-04-13T15:01:03.756Z"}
{"level":"info","message":"User 12 is now offline (no active connections)","timestamp":"2025-04-13T15:01:03.759Z"}
{"level":"info","message":"Socket connected: lEDXz2VNMjtiWmVWAABI","timestamp":"2025-04-13T15:01:03.991Z"}
{"level":"info","message":"Server running on port 5000","timestamp":"2025-04-13T15:01:26.195Z"}
{"level":"info","message":"✅ Kết nối database hoạt động tốt","timestamp":"2025-04-13T15:01:26.226Z"}
{"level":"info","message":"Socket connected: 6hNZRC5uALd3mk1HAAAB","timestamp":"2025-04-13T15:01:29.368Z"}
{"level":"info","message":"Socket connected: MQX7wiPUfspU_HlPAAAD","timestamp":"2025-04-13T15:01:30.351Z"}
{"level":"info","message":"Socket disconnected: 6hNZRC5uALd3mk1HAAAB","timestamp":"2025-04-13T15:01:38.037Z"}
{"level":"info","message":"User 12 is now offline (no active connections)","timestamp":"2025-04-13T15:01:38.040Z"}
{"level":"info","message":"Socket connected: uyXhsh6uflmEZVRTAAAG","timestamp":"2025-04-13T15:01:39.992Z"}
{"level":"info","message":"Socket disconnected: uyXhsh6uflmEZVRTAAAG","timestamp":"2025-04-13T15:01:48.759Z"}
{"level":"info","message":"User 12 is now offline (no active connections)","timestamp":"2025-04-13T15:01:48.772Z"}
{"level":"info","message":"Socket disconnected: MQX7wiPUfspU_HlPAAAD","timestamp":"2025-04-13T15:01:51.181Z"}
{"level":"info","message":"User 10 is now offline (no active connections)","timestamp":"2025-04-13T15:01:51.184Z"}
{"level":"info","message":"Socket connected: JaIBuOVNo8mX-KQdAAAJ","timestamp":"2025-04-13T15:01:52.427Z"}
{"level":"info","message":"Socket connected: 84Duou43A6MxlkNYAAAM","timestamp":"2025-04-13T15:01:56.967Z"}
{"level":"info","message":"Socket disconnected: JaIBuOVNo8mX-KQdAAAJ","timestamp":"2025-04-13T15:02:23.301Z"}
{"level":"info","message":"User 10 is now offline (no active connections)","timestamp":"2025-04-13T15:02:23.316Z"}
{"level":"info","message":"Socket connected: iBmXauRXxeDq4MHbAAAP","timestamp":"2025-04-13T15:02:23.501Z"}
{"level":"info","message":"Socket disconnected: 84Duou43A6MxlkNYAAAM","timestamp":"2025-04-13T15:03:38.364Z"}
{"level":"info","message":"User 12 is now offline (no active connections)","timestamp":"2025-04-13T15:03:38.376Z"}
{"level":"info","message":"Socket connected: hhBZafAnKf3ekO6TAAAR","timestamp":"2025-04-13T15:03:38.382Z"}
{"level":"info","message":"Socket disconnected: iBmXauRXxeDq4MHbAAAP","timestamp":"2025-04-13T15:03:38.386Z"}
{"level":"info","message":"User 10 is now offline (no active connections)","timestamp":"2025-04-13T15:03:38.388Z"}
{"level":"info","message":"Socket connected: CYsggtTb76xET06fAAAT","timestamp":"2025-04-13T15:03:38.416Z"}
{"level":"info","message":"Socket disconnected: hhBZafAnKf3ekO6TAAAR","timestamp":"2025-04-13T15:03:55.369Z"}
{"level":"info","message":"User 12 is now offline (no active connections)","timestamp":"2025-04-13T15:03:55.382Z"}
{"level":"info","message":"Socket connected: G5USh3JVMapYraBAAAAV","timestamp":"2025-04-13T15:03:55.386Z"}
{"level":"info","message":"Socket disconnected: CYsggtTb76xET06fAAAT","timestamp":"2025-04-13T15:03:55.389Z"}
{"level":"info","message":"User 10 is now offline (no active connections)","timestamp":"2025-04-13T15:03:55.393Z"}
{"level":"info","message":"Socket connected: 5gJK4wavV99EtsnnAAAX","timestamp":"2025-04-13T15:03:55.438Z"}
{"level":"info","message":"Server running on port 5000","timestamp":"2025-04-13T15:04:44.389Z"}
{"level":"info","message":"✅ Kết nối database hoạt động tốt","timestamp":"2025-04-13T15:04:44.408Z"}
{"level":"info","message":"Socket connected: 5ClfU5oJXL9DXQOfAAAC","timestamp":"2025-04-13T15:04:44.617Z"}
{"level":"info","message":"Socket connected: NJ62HC6kbE9V00W1AAAD","timestamp":"2025-04-13T15:04:44.622Z"}
{"level":"info","message":"Socket disconnected: NJ62HC6kbE9V00W1AAAD","timestamp":"2025-04-13T15:05:03.413Z"}
{"level":"info","message":"User 12 is now offline (no active connections)","timestamp":"2025-04-13T15:05:03.418Z"}
{"level":"info","message":"Socket disconnected: 5ClfU5oJXL9DXQOfAAAC","timestamp":"2025-04-13T15:05:07.318Z"}
{"level":"info","message":"User 10 is now offline (no active connections)","timestamp":"2025-04-13T15:05:07.322Z"}
{"level":"info","message":"Socket connected: WJHhMEUgU5wVky7xAAAG","timestamp":"2025-04-13T15:05:08.677Z"}
{"level":"info","message":"Socket connected: 2wZJNa1F2uZEffURAAAJ","timestamp":"2025-04-13T15:05:14.592Z"}
{"level":"info","message":"Socket disconnected: WJHhMEUgU5wVky7xAAAG","timestamp":"2025-04-13T15:05:29.486Z"}
{"level":"info","message":"User 10 is now offline (no active connections)","timestamp":"2025-04-13T15:05:29.489Z"}
{"level":"info","message":"Socket connected: 4AI-gy1dnSkBO0bMAAAM","timestamp":"2025-04-13T15:05:29.724Z"}
{"level":"info","message":"Socket disconnected: 2wZJNa1F2uZEffURAAAJ","timestamp":"2025-04-13T15:05:41.487Z"}
{"level":"info","message":"User 12 is now offline (no active connections)","timestamp":"2025-04-13T15:05:41.489Z"}
{"level":"info","message":"Socket connected: 6qtcD7PCzzE4PpCfAAAP","timestamp":"2025-04-13T15:05:41.672Z"}
{"level":"info","message":"Socket disconnected: 4AI-gy1dnSkBO0bMAAAM","timestamp":"2025-04-13T15:06:01.557Z"}
{"level":"info","message":"User 10 is now offline (no active connections)","timestamp":"2025-04-13T15:06:01.561Z"}
{"level":"info","message":"Socket connected: EL6bt0dCWJZznACTAAAS","timestamp":"2025-04-13T15:06:01.642Z"}
{"level":"info","message":"Socket disconnected: EL6bt0dCWJZznACTAAAS","timestamp":"2025-04-13T15:06:35.363Z"}
{"level":"info","message":"Socket disconnected: 6qtcD7PCzzE4PpCfAAAP","timestamp":"2025-04-13T15:06:35.364Z"}
{"level":"info","message":"User 10 is now offline (no active connections)","timestamp":"2025-04-13T15:06:35.380Z"}
{"level":"info","message":"User 12 is now offline (no active connections)","timestamp":"2025-04-13T15:06:35.382Z"}
{"level":"info","message":"Socket connected: KtFQe1tPKI0TysFdAAAV","timestamp":"2025-04-13T15:06:35.384Z"}
{"level":"info","message":"Socket connected: nqFe_ijFCNyQnAXOAAAW","timestamp":"2025-04-13T15:06:35.390Z"}
{"level":"info","message":"Socket disconnected: KtFQe1tPKI0TysFdAAAV","timestamp":"2025-04-13T15:06:53.363Z"}
{"level":"info","message":"Socket disconnected: nqFe_ijFCNyQnAXOAAAW","timestamp":"2025-04-13T15:06:53.364Z"}
{"level":"info","message":"User 10 is now offline (no active connections)","timestamp":"2025-04-13T15:06:53.381Z"}
{"level":"info","message":"User 12 is now offline (no active connections)","timestamp":"2025-04-13T15:06:53.384Z"}
{"level":"info","message":"Socket connected: P0LVv3OtLcTN5WqSAAAZ","timestamp":"2025-04-13T15:06:53.397Z"}
{"level":"info","message":"Socket connected: GP3wAFAGmtHlZlsxAAAa","timestamp":"2025-04-13T15:06:53.407Z"}
{"level":"info","message":"Socket disconnected: P0LVv3OtLcTN5WqSAAAZ","timestamp":"2025-04-13T15:07:14.350Z"}
{"level":"info","message":"User 10 is now offline (no active connections)","timestamp":"2025-04-13T15:07:14.353Z"}
{"level":"info","message":"Socket connected: M0vbzbGCBHBy89brAAAc","timestamp":"2025-04-13T15:07:14.363Z"}
{"level":"info","message":"Socket disconnected: GP3wAFAGmtHlZlsxAAAa","timestamp":"2025-04-13T15:07:14.368Z"}
{"level":"info","message":"User 12 is now offline (no active connections)","timestamp":"2025-04-13T15:07:14.372Z"}
{"level":"info","message":"Socket connected: nCZRq8vY-fKDFMYoAAAe","timestamp":"2025-04-13T15:07:14.389Z"}
{"level":"info","message":"Socket disconnected: M0vbzbGCBHBy89brAAAc","timestamp":"2025-04-13T15:07:37.351Z"}
{"level":"info","message":"User 10 is now offline (no active connections)","timestamp":"2025-04-13T15:07:37.354Z"}
{"level":"info","message":"Socket disconnected: nCZRq8vY-fKDFMYoAAAe","timestamp":"2025-04-13T15:07:37.355Z"}
{"level":"info","message":"User 12 is now offline (no active connections)","timestamp":"2025-04-13T15:07:37.362Z"}
{"level":"info","message":"Socket connected: 79NLU5jdNVSDHtU-AAAh","timestamp":"2025-04-13T15:07:37.375Z"}
{"level":"info","message":"Socket connected: DweQjzk1OHCMmbkLAAAi","timestamp":"2025-04-13T15:07:37.387Z"}
{"level":"info","message":"Socket disconnected: 79NLU5jdNVSDHtU-AAAh","timestamp":"2025-04-13T15:07:57.353Z"}
{"level":"info","message":"User 12 is now offline (no active connections)","timestamp":"2025-04-13T15:07:57.357Z"}
{"level":"info","message":"Socket disconnected: DweQjzk1OHCMmbkLAAAi","timestamp":"2025-04-13T15:07:57.359Z"}
{"level":"info","message":"User 10 is now offline (no active connections)","timestamp":"2025-04-13T15:07:57.364Z"}
{"level":"info","message":"Socket connected: GhMte8m6vL9XMBgTAAAn","timestamp":"2025-04-13T15:07:57.383Z"}
{"level":"info","message":"Socket connected: bAqXFIyyvwRJmfC6AAAo","timestamp":"2025-04-13T15:07:57.403Z"}
{"level":"info","message":"Server running on port 5000","timestamp":"2025-04-13T15:08:23.317Z"}
{"level":"info","message":"✅ Kết nối database hoạt động tốt","timestamp":"2025-04-13T15:08:23.336Z"}
{"level":"info","message":"Socket connected: FfxyDCI77V-M2UV0AAAB","timestamp":"2025-04-13T15:08:23.399Z"}
{"level":"info","message":"Socket connected: G_JQcj5s4ZWH_nqmAAAD","timestamp":"2025-04-13T15:08:24.346Z"}
{"level":"info","message":"Socket disconnected: FfxyDCI77V-M2UV0AAAB","timestamp":"2025-04-13T15:08:30.900Z"}
{"level":"info","message":"User 12 is now offline (no active connections)","timestamp":"2025-04-13T15:08:30.913Z"}
{"level":"info","message":"Socket connected: bykzTEVZTlsis8nWAAAG","timestamp":"2025-04-13T15:08:31.171Z"}
{"level":"info","message":"Socket disconnected: bykzTEVZTlsis8nWAAAG","timestamp":"2025-04-13T15:08:34.406Z"}
{"level":"info","message":"User 12 is now offline (no active connections)","timestamp":"2025-04-13T15:08:34.419Z"}
{"level":"info","message":"Socket disconnected: G_JQcj5s4ZWH_nqmAAAD","timestamp":"2025-04-13T15:08:36.883Z"}
{"level":"info","message":"User 10 is now offline (no active connections)","timestamp":"2025-04-13T15:08:36.887Z"}
{"level":"info","message":"Socket connected: oSpchDL1dLMWzpfaAAAJ","timestamp":"2025-04-13T15:09:01.868Z"}
{"level":"info","message":"Socket connected: 9rYO3kjXbWJX_idoAAAM","timestamp":"2025-04-13T15:09:06.201Z"}
{"level":"info","message":"Socket disconnected: oSpchDL1dLMWzpfaAAAJ","timestamp":"2025-04-13T15:09:29.358Z"}
{"level":"info","message":"User 12 is now offline (no active connections)","timestamp":"2025-04-13T15:09:29.361Z"}
{"level":"info","message":"Socket connected: ZuFEmK-BcL0SloScAAAP","timestamp":"2025-04-13T15:09:29.381Z"}
{"level":"info","message":"Socket disconnected: ZuFEmK-BcL0SloScAAAP","timestamp":"2025-04-13T15:10:01.361Z"}
{"level":"info","message":"User 12 is now offline (no active connections)","timestamp":"2025-04-13T15:10:01.364Z"}
{"level":"info","message":"Socket connected: 7zYiXnLYy_fXrQMhAAAR","timestamp":"2025-04-13T15:10:01.375Z"}
{"level":"info","message":"Socket disconnected: 7zYiXnLYy_fXrQMhAAAR","timestamp":"2025-04-13T15:10:20.472Z"}
{"level":"info","message":"User 12 is now offline (no active connections)","timestamp":"2025-04-13T15:10:20.475Z"}
{"level":"info","message":"Socket connected: -YqXnSiRyf9HjXDDAAAU","timestamp":"2025-04-13T15:10:20.489Z"}
{"level":"info","message":"Socket disconnected: -YqXnSiRyf9HjXDDAAAU","timestamp":"2025-04-13T15:11:36.376Z"}
{"level":"info","message":"User 12 is now offline (no active connections)","timestamp":"2025-04-13T15:11:36.388Z"}
{"level":"info","message":"Socket connected: ZMryYzH-rSTvDwP9AAAW","timestamp":"2025-04-13T15:11:36.397Z"}
{"level":"info","message":"Socket disconnected: ZMryYzH-rSTvDwP9AAAW","timestamp":"2025-04-13T15:11:52.355Z"}
{"level":"info","message":"User 12 is now offline (no active connections)","timestamp":"2025-04-13T15:11:52.359Z"}
{"level":"info","message":"Socket connected: UEOZgVtwV4OEWojgAAAY","timestamp":"2025-04-13T15:11:52.372Z"}
{"level":"info","message":"Server running on port 5000","timestamp":"2025-04-13T15:13:00.666Z"}
{"level":"info","message":"✅ Kết nối database hoạt động tốt","timestamp":"2025-04-13T15:13:00.682Z"}
{"level":"info","message":"Socket connected: Kt-ciVvfXcnLvbfOAAAC","timestamp":"2025-04-13T15:13:21.642Z"}
{"level":"info","message":"Socket disconnected: Kt-ciVvfXcnLvbfOAAAC","timestamp":"2025-04-13T15:14:01.353Z"}
{"level":"info","message":"User 12 is now offline (no active connections)","timestamp":"2025-04-13T15:14:01.359Z"}
{"level":"info","message":"Socket connected: h2_BaHPo8b5sjDHYAAAE","timestamp":"2025-04-13T15:14:01.375Z"}
{"level":"info","message":"Socket disconnected: h2_BaHPo8b5sjDHYAAAE","timestamp":"2025-04-13T15:14:13.356Z"}
{"level":"info","message":"User 12 is now offline (no active connections)","timestamp":"2025-04-13T15:14:13.359Z"}
{"level":"info","message":"Socket connected: Kix60pw74S9eJGP_AAAG","timestamp":"2025-04-13T15:14:13.387Z"}
{"level":"info","message":"Socket disconnected: Kix60pw74S9eJGP_AAAG","timestamp":"2025-04-13T15:14:36.348Z"}
{"level":"info","message":"User 12 is now offline (no active connections)","timestamp":"2025-04-13T15:14:36.352Z"}
{"level":"info","message":"Socket connected: WyBKKR9MFGsKOpUKAAAI","timestamp":"2025-04-13T15:14:36.365Z"}
{"level":"info","message":"Server running on port 5000","timestamp":"2025-04-13T15:15:17.919Z"}
{"level":"info","message":"✅ Kết nối database hoạt động tốt","timestamp":"2025-04-13T15:15:17.939Z"}
{"level":"info","message":"Socket connected: U50Jl5if9pPbjoh_AAAB","timestamp":"2025-04-13T15:15:19.364Z"}
{"level":"info","message":"Socket disconnected: U50Jl5if9pPbjoh_AAAB","timestamp":"2025-04-13T15:15:27.718Z"}
{"level":"info","message":"User 12 is now offline (no active connections)","timestamp":"2025-04-13T15:15:27.721Z"}
{"level":"info","message":"Socket connected: j3vPWFxw8z-y8xtuAAAE","timestamp":"2025-04-13T15:15:35.698Z"}
{"level":"info","message":"Socket disconnected: j3vPWFxw8z-y8xtuAAAE","timestamp":"2025-04-13T15:16:10.354Z"}
{"level":"info","message":"User 12 is now offline (no active connections)","timestamp":"2025-04-13T15:16:10.367Z"}
{"level":"info","message":"Socket connected: BJJLSxJlmxAIAUJ4AAAG","timestamp":"2025-04-13T15:16:10.370Z"}
{"level":"info","message":"Socket disconnected: BJJLSxJlmxAIAUJ4AAAG","timestamp":"2025-04-13T15:16:26.356Z"}
{"level":"info","message":"User 12 is now offline (no active connections)","timestamp":"2025-04-13T15:16:26.359Z"}
{"level":"info","message":"Socket connected: rgP9MpbLn8kiFKQPAAAI","timestamp":"2025-04-13T15:16:26.373Z"}
{"level":"info","message":"Socket disconnected: rgP9MpbLn8kiFKQPAAAI","timestamp":"2025-04-13T15:16:37.585Z"}
{"level":"info","message":"User 12 is now offline (no active connections)","timestamp":"2025-04-13T15:16:37.588Z"}
{"level":"info","message":"Socket connected: AWu8t5lxk9dqE51bAAAK","timestamp":"2025-04-13T15:16:37.596Z"}
{"level":"info","message":"Socket disconnected: AWu8t5lxk9dqE51bAAAK","timestamp":"2025-04-13T15:17:36.370Z"}
{"level":"info","message":"User 12 is now offline (no active connections)","timestamp":"2025-04-13T15:17:36.383Z"}
{"level":"info","message":"Socket connected: oeLDnOlZmtmakRq8AAAM","timestamp":"2025-04-13T15:17:36.389Z"}
{"level":"info","message":"Server running on port 5000","timestamp":"2025-04-13T15:18:34.237Z"}
{"level":"info","message":"✅ Kết nối database hoạt động tốt","timestamp":"2025-04-13T15:18:34.256Z"}
{"level":"info","message":"Socket connected: n6cftYnD3TxCLRwZAAAB","timestamp":"2025-04-13T15:18:37.144Z"}
{"level":"info","message":"Socket disconnected: n6cftYnD3TxCLRwZAAAB","timestamp":"2025-04-13T15:18:41.000Z"}
{"level":"info","message":"User 12 is now offline (no active connections)","timestamp":"2025-04-13T15:18:41.012Z"}
{"level":"info","message":"Socket connected: AK7z0nKCmpzQ5FhAAAAE","timestamp":"2025-04-13T15:18:41.234Z"}
{"level":"info","message":"Socket disconnected: AK7z0nKCmpzQ5FhAAAAE","timestamp":"2025-04-13T15:20:22.005Z"}
{"level":"info","message":"User 12 is now offline (no active connections)","timestamp":"2025-04-13T15:20:22.008Z"}
{"level":"info","message":"Socket connected: iEAXpgSG4rHQjhL_AAAH","timestamp":"2025-04-13T15:20:22.219Z"}
{"level":"info","message":"Socket connected: hmt87iugFJ45VoUyAAAK","timestamp":"2025-04-13T15:20:39.765Z"}
{"level":"info","message":"Socket disconnected: hmt87iugFJ45VoUyAAAK","timestamp":"2025-04-13T15:20:55.295Z"}
{"level":"info","message":"User 10 is now offline (no active connections)","timestamp":"2025-04-13T15:20:55.297Z"}
{"level":"info","message":"Socket connected: _Y6v-00QVnHmXSVTAAAN","timestamp":"2025-04-13T15:20:55.376Z"}
{"level":"info","message":"Socket disconnected: iEAXpgSG4rHQjhL_AAAH","timestamp":"2025-04-13T15:21:55.358Z"}
{"level":"info","message":"Socket disconnected: _Y6v-00QVnHmXSVTAAAN","timestamp":"2025-04-13T15:21:55.359Z"}
{"level":"info","message":"User 12 is now offline (no active connections)","timestamp":"2025-04-13T15:21:55.373Z"}
{"level":"info","message":"User 10 is now offline (no active connections)","timestamp":"2025-04-13T15:21:55.376Z"}
{"level":"info","message":"Socket connected: OQ5ZlDCezDLSDqxnAAAQ","timestamp":"2025-04-13T15:21:55.384Z"}
{"level":"info","message":"Socket connected: bjPvC7b393iK4UPBAAAR","timestamp":"2025-04-13T15:21:55.407Z"}
{"level":"info","message":"Socket disconnected: bjPvC7b393iK4UPBAAAR","timestamp":"2025-04-13T15:22:32.352Z"}
{"level":"info","message":"Socket disconnected: OQ5ZlDCezDLSDqxnAAAQ","timestamp":"2025-04-13T15:22:32.354Z"}
{"level":"info","message":"User 12 is now offline (no active connections)","timestamp":"2025-04-13T15:22:32.364Z"}
{"level":"info","message":"User 10 is now offline (no active connections)","timestamp":"2025-04-13T15:22:32.367Z"}
{"level":"info","message":"Socket connected: 6qNBixWf24YbN6stAAAU","timestamp":"2025-04-13T15:22:32.373Z"}
{"level":"info","message":"Socket connected: iZ_2ob9TrhQZbr40AAAV","timestamp":"2025-04-13T15:22:32.378Z"}
{"level":"info","message":"Socket disconnected: 6qNBixWf24YbN6stAAAU","timestamp":"2025-04-13T15:22:48.356Z"}
{"level":"info","message":"Socket disconnected: iZ_2ob9TrhQZbr40AAAV","timestamp":"2025-04-13T15:22:48.358Z"}
{"level":"info","message":"User 12 is now offline (no active connections)","timestamp":"2025-04-13T15:22:48.359Z"}
{"level":"info","message":"User 10 is now offline (no active connections)","timestamp":"2025-04-13T15:22:48.361Z"}
{"level":"info","message":"Socket connected: dyMUOBajh6_c9s00AAAY","timestamp":"2025-04-13T15:22:48.373Z"}
{"level":"info","message":"Socket connected: wLSCf58VHpci_SHTAAAZ","timestamp":"2025-04-13T15:22:48.382Z"}
{"level":"info","message":"Socket disconnected: dyMUOBajh6_c9s00AAAY","timestamp":"2025-04-13T15:23:10.351Z"}
{"level":"info","message":"User 12 is now offline (no active connections)","timestamp":"2025-04-13T15:23:10.353Z"}
{"level":"info","message":"Socket disconnected: wLSCf58VHpci_SHTAAAZ","timestamp":"2025-04-13T15:23:10.361Z"}
{"level":"info","message":"User 10 is now offline (no active connections)","timestamp":"2025-04-13T15:23:10.363Z"}
{"level":"info","message":"Socket connected: fvXoudeBG-SBZf1JAAAc","timestamp":"2025-04-13T15:23:10.366Z"}
{"level":"info","message":"Socket connected: Pvh8etbSh5Tn7Du0AAAd","timestamp":"2025-04-13T15:23:10.387Z"}
{"level":"info","message":"Socket disconnected: fvXoudeBG-SBZf1JAAAc","timestamp":"2025-04-13T15:23:26.351Z"}
{"level":"info","message":"Socket disconnected: Pvh8etbSh5Tn7Du0AAAd","timestamp":"2025-04-13T15:23:26.352Z"}
{"level":"info","message":"User 12 is now offline (no active connections)","timestamp":"2025-04-13T15:23:26.354Z"}
{"level":"info","message":"User 10 is now offline (no active connections)","timestamp":"2025-04-13T15:23:26.355Z"}
{"level":"info","message":"Socket connected: R9h_rytamJGjC8BbAAAg","timestamp":"2025-04-13T15:23:26.372Z"}
{"level":"info","message":"Socket connected: 7f9KJknFmOWVjYQsAAAh","timestamp":"2025-04-13T15:23:26.374Z"}
{"level":"info","message":"Socket disconnected: R9h_rytamJGjC8BbAAAg","timestamp":"2025-04-13T15:23:45.751Z"}
{"level":"info","message":"User 10 is now offline (no active connections)","timestamp":"2025-04-13T15:23:45.754Z"}
{"level":"info","message":"Socket connected: pQwJQynBfd7qha_pAAAk","timestamp":"2025-04-13T15:23:46.077Z"}
{"level":"info","message":"Socket disconnected: pQwJQynBfd7qha_pAAAk","timestamp":"2025-04-13T15:23:54.473Z"}
{"level":"info","message":"User 10 is now offline (no active connections)","timestamp":"2025-04-13T15:23:54.475Z"}
{"level":"info","message":"Socket connected: u_TE4wUiNE5fu9zJAAAn","timestamp":"2025-04-13T15:23:54.707Z"}
{"level":"info","message":"Socket disconnected: u_TE4wUiNE5fu9zJAAAn","timestamp":"2025-04-13T15:24:31.354Z"}
{"level":"info","message":"User 10 is now offline (no active connections)","timestamp":"2025-04-13T15:24:31.357Z"}
{"level":"info","message":"Socket disconnected: 7f9KJknFmOWVjYQsAAAh","timestamp":"2025-04-13T15:24:31.366Z"}
{"level":"info","message":"User 12 is now offline (no active connections)","timestamp":"2025-04-13T15:24:31.371Z"}
{"level":"info","message":"Socket connected: uZozL4RnOIu4U0UGAAAq","timestamp":"2025-04-13T15:24:31.376Z"}
{"level":"info","message":"Socket connected: vd1UexzrgshwAX6pAAAr","timestamp":"2025-04-13T15:24:31.389Z"}
{"level":"info","message":"Socket disconnected: vd1UexzrgshwAX6pAAAr","timestamp":"2025-04-13T15:24:54.354Z"}
{"level":"info","message":"User 12 is now offline (no active connections)","timestamp":"2025-04-13T15:24:54.357Z"}
{"level":"info","message":"Socket connected: oRS25chwmAse2wnXAAAt","timestamp":"2025-04-13T15:24:54.368Z"}
{"level":"info","message":"Socket disconnected: uZozL4RnOIu4U0UGAAAq","timestamp":"2025-04-13T15:24:55.360Z"}
{"level":"info","message":"User 10 is now offline (no active connections)","timestamp":"2025-04-13T15:24:55.363Z"}
{"level":"info","message":"Socket connected: PfuDFaBcNjAXmzwMAAAv","timestamp":"2025-04-13T15:24:55.392Z"}
{"level":"info","message":"Socket disconnected: oRS25chwmAse2wnXAAAt","timestamp":"2025-04-13T15:25:12.352Z"}
{"level":"info","message":"Socket disconnected: PfuDFaBcNjAXmzwMAAAv","timestamp":"2025-04-13T15:25:12.354Z"}
{"level":"info","message":"User 12 is now offline (no active connections)","timestamp":"2025-04-13T15:25:12.356Z"}
{"level":"info","message":"User 10 is now offline (no active connections)","timestamp":"2025-04-13T15:25:12.357Z"}
{"level":"info","message":"Socket connected: cM1tmmhyMrhs_9CxAAAy","timestamp":"2025-04-13T15:25:12.368Z"}
{"level":"info","message":"Socket connected: DeiZPM5fxBZ22u-GAAAz","timestamp":"2025-04-13T15:25:12.372Z"}
{"level":"info","message":"Socket disconnected: cM1tmmhyMrhs_9CxAAAy","timestamp":"2025-04-13T15:26:32.600Z"}
{"level":"info","message":"User 12 is now offline (no active connections)","timestamp":"2025-04-13T15:26:32.611Z"}
{"level":"info","message":"Socket connected: KNBOGPM4n8QS8XboAAA2","timestamp":"2025-04-13T15:26:32.835Z"}
{"level":"info","message":"Server running on port 5000","timestamp":"2025-04-13T15:26:59.261Z"}
{"level":"info","message":"✅ Kết nối database hoạt động tốt","timestamp":"2025-04-13T15:26:59.280Z"}
{"level":"info","message":"Socket connected: mZEnXZYrNT8Psk6yAAAB","timestamp":"2025-04-13T15:27:00.362Z"}
{"level":"info","message":"Socket connected: l5dye2z5KVoD1Z2RAAAD","timestamp":"2025-04-13T15:27:01.357Z"}
{"level":"info","message":"Socket disconnected: l5dye2z5KVoD1Z2RAAAD","timestamp":"2025-04-13T15:27:06.396Z"}
{"level":"info","message":"User 12 is now offline (no active connections)","timestamp":"2025-04-13T15:27:06.409Z"}
{"level":"info","message":"Socket connected: 4H-Sug2BaeUn5Z15AAAG","timestamp":"2025-04-13T15:27:06.566Z"}
{"level":"info","message":"Socket disconnected: mZEnXZYrNT8Psk6yAAAB","timestamp":"2025-04-13T15:27:11.070Z"}
{"level":"info","message":"User 10 is now offline (no active connections)","timestamp":"2025-04-13T15:27:11.073Z"}
{"level":"info","message":"Socket connected: SikDx-26MAV3UQSlAAAJ","timestamp":"2025-04-13T15:27:11.378Z"}
{"level":"info","message":"Server running on port 5000","timestamp":"2025-04-13T15:29:16.316Z"}
{"level":"info","message":"✅ Kết nối database hoạt động tốt","timestamp":"2025-04-13T15:29:16.340Z"}
{"level":"info","message":"Socket connected: 7fKUpSTnaS2YZ3iCAAAC","timestamp":"2025-04-13T15:29:16.383Z"}
{"level":"info","message":"Socket connected: xlRZmMZf2yjf531UAAAD","timestamp":"2025-04-13T15:29:16.387Z"}
{"level":"info","message":"Socket disconnected: xlRZmMZf2yjf531UAAAD","timestamp":"2025-04-13T15:29:19.517Z"}
{"level":"info","message":"User 12 is now offline (no active connections)","timestamp":"2025-04-13T15:29:19.530Z"}
{"level":"info","message":"Socket connected: 96Xvnum6glezYi9CAAAG","timestamp":"2025-04-13T15:29:19.611Z"}
{"level":"info","message":"Server running on port 5000","timestamp":"2025-04-13T15:32:27.441Z"}
{"level":"info","message":"✅ Kết nối database hoạt động tốt","timestamp":"2025-04-13T15:32:27.459Z"}
{"level":"info","message":"Socket connected: IouWb4355zm3APM0AAAB","timestamp":"2025-04-13T15:32:27.625Z"}
{"level":"info","message":"Socket connected: xRb-fCZLX_pihyTKAAAD","timestamp":"2025-04-13T15:32:28.352Z"}
{"level":"info","message":"Socket disconnected: xRb-fCZLX_pihyTKAAAD","timestamp":"2025-04-13T15:32:34.296Z"}
{"level":"info","message":"User 12 is now offline (no active connections)","timestamp":"2025-04-13T15:32:34.307Z"}
{"level":"info","message":"Socket connected: kjvxczPpKTGdh1gqAAAG","timestamp":"2025-04-13T15:32:34.485Z"}
{"level":"info","message":"Socket disconnected: IouWb4355zm3APM0AAAB","timestamp":"2025-04-13T15:32:40.812Z"}
{"level":"info","message":"User 10 is now offline (no active connections)","timestamp":"2025-04-13T15:32:40.815Z"}
{"level":"info","message":"Socket connected: VNzlUNSBXKJ2-6IcAAAJ","timestamp":"2025-04-13T15:32:40.957Z"}
{"level":"info","message":"Server running on port 5000","timestamp":"2025-04-13T15:34:17.254Z"}
{"level":"info","message":"✅ Kết nối database hoạt động tốt","timestamp":"2025-04-13T15:34:17.271Z"}
{"level":"info","message":"Socket connected: SWjgrc7xD06p8hlDAAAB","timestamp":"2025-04-13T15:34:19.703Z"}
{"level":"info","message":"Socket connected: YP0wc4uECnCPbs58AAAD","timestamp":"2025-04-13T15:34:20.355Z"}
{"level":"info","message":"Socket disconnected: SWjgrc7xD06p8hlDAAAB","timestamp":"2025-04-13T15:34:21.597Z"}
{"level":"info","message":"User 12 is now offline (no active connections)","timestamp":"2025-04-13T15:34:21.610Z"}
{"level":"info","message":"Socket connected: qDE1a4eIq7WGxempAAAG","timestamp":"2025-04-13T15:34:21.793Z"}
{"level":"info","message":"Socket disconnected: YP0wc4uECnCPbs58AAAD","timestamp":"2025-04-13T15:36:38.358Z"}
{"level":"info","message":"User 10 is now offline (no active connections)","timestamp":"2025-04-13T15:36:38.362Z"}
{"level":"info","message":"Socket disconnected: qDE1a4eIq7WGxempAAAG","timestamp":"2025-04-13T15:36:38.363Z"}
{"level":"info","message":"User 12 is now offline (no active connections)","timestamp":"2025-04-13T15:36:38.370Z"}
{"level":"info","message":"Socket connected: vQ_EEWL3DLV5W4nuAAAJ","timestamp":"2025-04-13T15:36:38.379Z"}
{"level":"info","message":"Socket connected: GDmCxFdaMu-BLpY8AAAK","timestamp":"2025-04-13T15:36:38.405Z"}
{"level":"info","message":"Server running on port 5000","timestamp":"2025-04-13T15:37:14.670Z"}
{"level":"info","message":"✅ Kết nối database hoạt động tốt","timestamp":"2025-04-13T15:37:14.687Z"}
{"level":"info","message":"Socket connected: Q3DC6r6i14xyPhpfAAAB","timestamp":"2025-04-13T15:37:14.698Z"}
{"level":"info","message":"Socket connected: pfovThueZ_Fm1G9kAAAD","timestamp":"2025-04-13T15:37:17.348Z"}
{"level":"info","message":"Socket disconnected: Q3DC6r6i14xyPhpfAAAB","timestamp":"2025-04-13T15:37:20.683Z"}
{"level":"info","message":"User 12 is now offline (no active connections)","timestamp":"2025-04-13T15:37:20.696Z"}
{"level":"info","message":"Socket connected: lhMqO65oEpmQlTHlAAAG","timestamp":"2025-04-13T15:37:20.913Z"}
{"level":"info","message":"Socket disconnected: pfovThueZ_Fm1G9kAAAD","timestamp":"2025-04-13T15:37:41.017Z"}
{"level":"info","message":"User 10 is now offline (no active connections)","timestamp":"2025-04-13T15:37:41.020Z"}
{"level":"info","message":"Socket connected: YNubKpCzUx74sYPNAAAJ","timestamp":"2025-04-13T15:37:41.288Z"}
{"level":"info","message":"Socket disconnected: YNubKpCzUx74sYPNAAAJ","timestamp":"2025-04-13T15:37:41.829Z"}
{"level":"info","message":"User 10 is now offline (no active connections)","timestamp":"2025-04-13T15:37:41.832Z"}
{"level":"info","message":"Socket connected: OfozrJ5KTKrjur23AAAM","timestamp":"2025-04-13T15:37:41.909Z"}
{"level":"info","message":"Socket disconnected: OfozrJ5KTKrjur23AAAM","timestamp":"2025-04-13T15:37:58.505Z"}
{"level":"info","message":"User 10 is now offline (no active connections)","timestamp":"2025-04-13T15:37:58.508Z"}
{"level":"info","message":"Socket connected: CU_1PBzd_UZlBFARAAAP","timestamp":"2025-04-13T15:37:58.568Z"}
{"level":"info","message":"Socket disconnected: lhMqO65oEpmQlTHlAAAG","timestamp":"2025-04-13T15:38:56.361Z"}
{"level":"info","message":"User 12 is now offline (no active connections)","timestamp":"2025-04-13T15:38:56.366Z"}
{"level":"info","message":"Socket disconnected: CU_1PBzd_UZlBFARAAAP","timestamp":"2025-04-13T15:38:56.368Z"}
{"level":"info","message":"User 10 is now offline (no active connections)","timestamp":"2025-04-13T15:38:56.377Z"}
{"level":"info","message":"Socket connected: 0b5DaSjXxCaDBJAYAAAS","timestamp":"2025-04-13T15:38:56.387Z"}
{"level":"info","message":"Socket connected: o0iZoCnx-XfoNZB3AAAT","timestamp":"2025-04-13T15:38:56.402Z"}
{"level":"info","message":"Socket disconnected: o0iZoCnx-XfoNZB3AAAT","timestamp":"2025-04-13T15:39:21.350Z"}
{"level":"info","message":"Socket disconnected: 0b5DaSjXxCaDBJAYAAAS","timestamp":"2025-04-13T15:39:21.351Z"}
{"level":"info","message":"User 12 is now offline (no active connections)","timestamp":"2025-04-13T15:39:21.354Z"}
{"level":"info","message":"User 10 is now offline (no active connections)","timestamp":"2025-04-13T15:39:21.355Z"}
{"level":"info","message":"Socket connected: yc3unWxXm1Wuk3SjAAAW","timestamp":"2025-04-13T15:39:21.367Z"}
{"level":"info","message":"Socket connected: rfmHlDlwK0DAvDSjAAAX","timestamp":"2025-04-13T15:39:21.372Z"}
{"level":"info","message":"Socket disconnected: yc3unWxXm1Wuk3SjAAAW","timestamp":"2025-04-13T15:42:29.350Z"}
{"level":"info","message":"User 10 is now offline (no active connections)","timestamp":"2025-04-13T15:42:29.362Z"}
{"level":"info","message":"Socket connected: mozWe4HS3EBZ1LMKAAAa","timestamp":"2025-04-13T15:42:29.566Z"}
{"level":"info","message":"Socket disconnected: rfmHlDlwK0DAvDSjAAAX","timestamp":"2025-04-13T15:50:59.423Z"}
{"level":"info","message":"User 12 is now offline (no active connections)","timestamp":"2025-04-13T15:50:59.435Z"}
{"level":"info","message":"Socket connected: h753FJmLXhOIU7zKAAAd","timestamp":"2025-04-13T15:50:59.678Z"}
{"level":"info","message":"Socket disconnected: mozWe4HS3EBZ1LMKAAAa","timestamp":"2025-04-13T15:51:06.164Z"}
{"level":"info","message":"User 10 is now offline (no active connections)","timestamp":"2025-04-13T15:51:06.176Z"}
{"level":"info","message":"Socket connected: hjG8kxnrZk9ZnynlAAAg","timestamp":"2025-04-13T15:51:06.251Z"}
{"level":"info","message":"Socket disconnected: hjG8kxnrZk9ZnynlAAAg","timestamp":"2025-04-13T15:51:19.911Z"}
{"level":"info","message":"User 10 is now offline (no active connections)","timestamp":"2025-04-13T15:51:19.914Z"}
{"level":"info","message":"Socket connected: 873a5je5c1ZnEHurAAAj","timestamp":"2025-04-13T15:51:19.990Z"}
{"level":"info","message":"Socket disconnected: 873a5je5c1ZnEHurAAAj","timestamp":"2025-04-13T15:51:21.888Z"}
{"level":"info","message":"User 10 is now offline (no active connections)","timestamp":"2025-04-13T15:51:21.890Z"}
{"level":"info","message":"Socket connected: HQrFETeLZTB1mSYzAAAm","timestamp":"2025-04-13T15:51:25.224Z"}
{"level":"info","message":"Server running on port 5000","timestamp":"2025-04-13T15:55:30.020Z"}
{"level":"info","message":"✅ Kết nối database hoạt động tốt","timestamp":"2025-04-13T15:55:30.040Z"}
{"level":"info","message":"Socket connected: tLeYyu2UTVwojFICAAAB","timestamp":"2025-04-13T15:55:31.354Z"}
{"level":"info","message":"Socket connected: EfT4Qp92v39XGT04AAAD","timestamp":"2025-04-13T15:55:32.947Z"}
{"level":"info","message":"Socket disconnected: EfT4Qp92v39XGT04AAAD","timestamp":"2025-04-13T15:55:34.663Z"}
{"level":"info","message":"User 12 is now offline (no active connections)","timestamp":"2025-04-13T15:55:34.675Z"}
{"level":"info","message":"Socket connected: EG1oS_BBfTFoUQ3sAAAG","timestamp":"2025-04-13T15:55:34.837Z"}
{"level":"info","message":"Socket disconnected: tLeYyu2UTVwojFICAAAB","timestamp":"2025-04-13T15:55:38.482Z"}
{"level":"info","message":"User 10 is now offline (no active connections)","timestamp":"2025-04-13T15:55:38.495Z"}
{"level":"info","message":"Socket connected: J9IfKG-3I3qjOzClAAAJ","timestamp":"2025-04-13T15:55:38.555Z"}
{"level":"info","message":"Socket disconnected: EG1oS_BBfTFoUQ3sAAAG","timestamp":"2025-04-13T15:56:56.612Z"}
{"level":"info","message":"User 12 is now offline (no active connections)","timestamp":"2025-04-13T15:56:56.624Z"}
{"level":"info","message":"Socket connected: _GXSW-tpFbcHYkP6AAAM","timestamp":"2025-04-13T15:56:56.704Z"}
{"level":"info","message":"Socket disconnected: J9IfKG-3I3qjOzClAAAJ","timestamp":"2025-04-13T15:57:00.546Z"}
{"level":"info","message":"User 10 is now offline (no active connections)","timestamp":"2025-04-13T15:57:00.559Z"}
{"level":"info","message":"Socket connected: I3o8rFBIXW1Th1qkAAAP","timestamp":"2025-04-13T15:57:00.630Z"}
{"level":"info","message":"Socket disconnected: _GXSW-tpFbcHYkP6AAAM","timestamp":"2025-04-13T15:57:11.408Z"}
{"level":"info","message":"User 12 is now offline (no active connections)","timestamp":"2025-04-13T15:57:11.411Z"}
{"level":"info","message":"Socket connected: jooONiMv9GgUughNAAAS","timestamp":"2025-04-13T15:57:11.494Z"}
{"level":"info","message":"Socket disconnected: jooONiMv9GgUughNAAAS","timestamp":"2025-04-13T15:59:39.836Z"}
{"level":"info","message":"User 12 is now offline (no active connections)","timestamp":"2025-04-13T15:59:39.838Z"}
{"level":"info","message":"Socket connected: u3WnstJkKHwQwM9dAAAV","timestamp":"2025-04-13T15:59:39.928Z"}
{"level":"info","message":"Socket disconnected: I3o8rFBIXW1Th1qkAAAP","timestamp":"2025-04-13T15:59:42.126Z"}
{"level":"info","message":"User 10 is now offline (no active connections)","timestamp":"2025-04-13T15:59:42.138Z"}
{"level":"info","message":"Socket connected: RfrtqnbvtGW_FhihAAAY","timestamp":"2025-04-13T15:59:42.205Z"}
{"level":"info","message":"Socket disconnected: u3WnstJkKHwQwM9dAAAV","timestamp":"2025-04-13T15:59:49.818Z"}
{"level":"info","message":"User 12 is now offline (no active connections)","timestamp":"2025-04-13T15:59:49.820Z"}
{"level":"info","message":"Socket connected: Cix3A3Z9EbwN5X68AAAb","timestamp":"2025-04-13T15:59:49.900Z"}
{"level":"info","message":"Server running on port 5000","timestamp":"2025-04-13T15:59:58.540Z"}
{"level":"info","message":"✅ Kết nối database hoạt động tốt","timestamp":"2025-04-13T15:59:58.559Z"}
{"level":"info","message":"Socket connected: wsFaxPnM_GTBlOu_AAAC","timestamp":"2025-04-13T15:59:58.638Z"}
{"level":"info","message":"Socket connected: iEt8EOmAiGLNzIDjAAAD","timestamp":"2025-04-13T15:59:58.642Z"}
{"level":"info","message":"Socket disconnected: iEt8EOmAiGLNzIDjAAAD","timestamp":"2025-04-13T16:00:01.028Z"}
{"level":"info","message":"User 12 is now offline (no active connections)","timestamp":"2025-04-13T16:00:01.032Z"}
{"level":"info","message":"Socket connected: nv_WVAWwzL58XA1XAAAG","timestamp":"2025-04-13T16:00:01.161Z"}
{"level":"info","message":"Socket disconnected: wsFaxPnM_GTBlOu_AAAC","timestamp":"2025-04-13T16:00:04.747Z"}
{"level":"info","message":"User 10 is now offline (no active connections)","timestamp":"2025-04-13T16:00:04.750Z"}
{"level":"info","message":"Socket connected: U-tiuvMPc0SbTvYVAAAJ","timestamp":"2025-04-13T16:00:04.839Z"}
{"level":"info","message":"Socket disconnected: U-tiuvMPc0SbTvYVAAAJ","timestamp":"2025-04-13T16:00:27.312Z"}
{"level":"info","message":"User 10 is now offline (no active connections)","timestamp":"2025-04-13T16:00:27.316Z"}
{"level":"info","message":"Socket disconnected: nv_WVAWwzL58XA1XAAAG","timestamp":"2025-04-13T16:00:31.798Z"}
{"level":"info","message":"User 12 is now offline (no active connections)","timestamp":"2025-04-13T16:00:31.801Z"}
{"level":"info","message":"Server running on port 5000","timestamp":"2025-04-13T16:00:39.129Z"}
{"level":"info","message":"✅ Kết nối database hoạt động tốt","timestamp":"2025-04-13T16:00:39.149Z"}
{"level":"info","message":"Socket connected: YlgrlOx_oFmqOeUIAAAC","timestamp":"2025-04-13T16:00:44.681Z"}
{"level":"info","message":"Socket connected: tiKgQVFv6TJBUd-LAAAF","timestamp":"2025-04-13T16:00:48.212Z"}
{"level":"info","message":"Server running on port 5000","timestamp":"2025-04-13T16:03:23.739Z"}
{"level":"info","message":"✅ Kết nối database hoạt động tốt","timestamp":"2025-04-13T16:03:23.759Z"}
{"level":"info","message":"Socket connected: FUIBdEmEjwQrUoK8AAAB","timestamp":"2025-04-13T16:03:25.360Z"}
{"level":"info","message":"Socket connected: GrtQl3fOIqDhBhW1AAAD","timestamp":"2025-04-13T16:03:26.360Z"}
{"level":"info","message":"Socket disconnected: GrtQl3fOIqDhBhW1AAAD","timestamp":"2025-04-13T16:03:38.622Z"}
{"level":"info","message":"User 12 is now offline (no active connections)","timestamp":"2025-04-13T16:03:38.634Z"}
{"level":"info","message":"Socket disconnected: FUIBdEmEjwQrUoK8AAAB","timestamp":"2025-04-13T16:03:41.175Z"}
{"level":"info","message":"User 10 is now offline (no active connections)","timestamp":"2025-04-13T16:03:41.178Z"}
{"level":"info","message":"Socket connected: L68fb2pVjJsKUeXGAAAG","timestamp":"2025-04-13T16:03:50.813Z"}
{"level":"info","message":"Socket connected: qUOz1dsGjeOPQ4IVAAAJ","timestamp":"2025-04-13T16:03:54.371Z"}
{"level":"info","message":"Socket disconnected: qUOz1dsGjeOPQ4IVAAAJ","timestamp":"2025-04-13T16:04:34.356Z"}
{"level":"info","message":"User 12 is now offline (no active connections)","timestamp":"2025-04-13T16:04:34.367Z"}
{"level":"info","message":"Socket connected: y2SKA5N7sEGx0LUSAAAM","timestamp":"2025-04-13T16:04:34.553Z"}
{"level":"info","message":"Socket disconnected: L68fb2pVjJsKUeXGAAAG","timestamp":"2025-04-13T16:04:46.608Z"}
{"level":"info","message":"User 10 is now offline (no active connections)","timestamp":"2025-04-13T16:04:46.614Z"}
{"level":"info","message":"Socket disconnected: y2SKA5N7sEGx0LUSAAAM","timestamp":"2025-04-13T16:04:47.981Z"}
{"level":"info","message":"User 12 is now offline (no active connections)","timestamp":"2025-04-13T16:04:47.994Z"}
{"level":"info","message":"Server running on port 5000","timestamp":"2025-04-13T16:04:52.269Z"}
{"level":"info","message":"✅ Kết nối database hoạt động tốt","timestamp":"2025-04-13T16:04:52.289Z"}
{"level":"info","message":"Socket connected: 1byq-BzEOg3TYwjhAAAC","timestamp":"2025-04-13T16:05:36.408Z"}
{"level":"info","message":"Socket connected: 1Y4YxDU87ZGkmqg0AAAF","timestamp":"2025-04-13T16:05:40.695Z"}
{"level":"info","message":"Socket connected: 2xlY1ECeNo7y6mJjAAAI","timestamp":"2025-04-13T16:06:18.467Z"}
{"level":"info","message":"Socket disconnected: 2xlY1ECeNo7y6mJjAAAI","timestamp":"2025-04-13T16:25:17.274Z"}
{"level":"info","message":"User 11 is now offline (no active connections)","timestamp":"2025-04-13T16:25:17.288Z"}
{"level":"info","message":"Socket connected: a3HTwU_wuU2MXYLZAAAL","timestamp":"2025-04-13T16:25:17.469Z"}
{"level":"info","message":"Socket disconnected: 1Y4YxDU87ZGkmqg0AAAF","timestamp":"2025-04-13T16:25:19.344Z"}
{"level":"info","message":"User 12 is now offline (no active connections)","timestamp":"2025-04-13T16:25:19.348Z"}
{"level":"info","message":"Socket connected: Rf_XpPcWf8njM5Y2AAAO","timestamp":"2025-04-13T16:25:19.418Z"}
{"level":"info","message":"Socket disconnected: 1byq-BzEOg3TYwjhAAAC","timestamp":"2025-04-13T16:25:20.489Z"}
{"level":"info","message":"User 10 is now offline (no active connections)","timestamp":"2025-04-13T16:25:20.491Z"}
{"level":"info","message":"Socket connected: w7BUuRg6EgewgTpbAAAR","timestamp":"2025-04-13T16:25:20.682Z"}
{"level":"info","message":"Server running on port 5000","timestamp":"2025-04-13T16:26:24.077Z"}
{"level":"info","message":"✅ Kết nối database hoạt động tốt","timestamp":"2025-04-13T16:26:24.098Z"}
{"level":"info","message":"Socket connected: u2Mvqg_JtkKow6BLAAAB","timestamp":"2025-04-13T16:26:24.361Z"}
{"level":"info","message":"Socket connected: ff3NnbIWNFbaGP10AAAE","timestamp":"2025-04-13T16:26:25.358Z"}
{"level":"info","message":"Socket connected: 5ffmSroMuHoNRF4HAAAF","timestamp":"2025-04-13T16:26:25.361Z"}
{"level":"info","message":"Server running on port 5000","timestamp":"2025-04-13T16:27:22.801Z"}
{"level":"info","message":"✅ Kết nối database hoạt động tốt","timestamp":"2025-04-13T16:27:22.821Z"}
{"level":"info","message":"Socket connected: 0XYleVR9m98ctS5eAAAD","timestamp":"2025-04-13T16:27:23.358Z"}
{"level":"info","message":"Socket connected: vxTVrkc1asPhoJ6DAAAE","timestamp":"2025-04-13T16:27:23.363Z"}
{"level":"info","message":"Socket connected: QNtua-JhYxfZ0vCRAAAF","timestamp":"2025-04-13T16:27:23.368Z"}
{"level":"info","message":"Server running on port 5000","timestamp":"2025-04-13T16:28:27.596Z"}
{"level":"info","message":"✅ Kết nối database hoạt động tốt","timestamp":"2025-04-13T16:28:27.614Z"}
{"level":"info","message":"Socket connected: JC678FjzyxPTLdh1AAAB","timestamp":"2025-04-13T16:28:29.364Z"}
{"level":"info","message":"Socket connected: pcBvZCmb4j5Ky5jKAAAD","timestamp":"2025-04-13T16:28:29.618Z"}
{"level":"info","message":"Socket connected: IWw9pDYzy-zu0zQ_AAAF","timestamp":"2025-04-13T16:28:30.354Z"}
{"level":"info","message":"Socket disconnected: pcBvZCmb4j5Ky5jKAAAD","timestamp":"2025-04-13T16:28:30.607Z"}
{"level":"info","message":"User 11 is now offline (no active connections)","timestamp":"2025-04-13T16:28:30.621Z"}
{"level":"info","message":"Socket connected: mxUoAEkh1i0wGA6-AAAI","timestamp":"2025-04-13T16:28:30.765Z"}
{"level":"info","message":"Socket disconnected: JC678FjzyxPTLdh1AAAB","timestamp":"2025-04-13T16:28:35.277Z"}
{"level":"info","message":"Socket connected: EO1Jby_YD3sEMPYcAAAL","timestamp":"2025-04-13T16:28:35.345Z"}
{"level":"info","message":"Socket disconnected: mxUoAEkh1i0wGA6-AAAI","timestamp":"2025-04-13T16:28:38.788Z"}
{"level":"info","message":"User 11 is now offline (no active connections)","timestamp":"2025-04-13T16:28:38.801Z"}
{"level":"info","message":"Socket disconnected: IWw9pDYzy-zu0zQ_AAAF","timestamp":"2025-04-13T16:28:40.374Z"}
{"level":"info","message":"Socket connected: RGV2UCnwE2AgUCBrAAAO","timestamp":"2025-04-13T16:28:40.554Z"}
{"level":"info","message":"Socket disconnected: EO1Jby_YD3sEMPYcAAAL","timestamp":"2025-04-13T16:30:53.974Z"}
{"level":"info","message":"Socket disconnected: RGV2UCnwE2AgUCBrAAAO","timestamp":"2025-04-13T16:30:54.360Z"}
{"level":"info","message":"User 12 is now offline (no active connections)","timestamp":"2025-04-13T16:30:54.372Z"}
{"level":"info","message":"Server running on port 5000","timestamp":"2025-04-13T16:31:04.082Z"}
{"level":"info","message":"✅ Kết nối database hoạt động tốt","timestamp":"2025-04-13T16:31:04.101Z"}
{"level":"info","message":"Socket connected: 13jmhAApHoITPBRMAAAC","timestamp":"2025-04-13T16:31:14.914Z"}
{"level":"info","message":"Socket connected: UyTvnhm5YtcWAkTvAAAF","timestamp":"2025-04-13T16:31:32.798Z"}
{"level":"info","message":"Socket disconnected: 13jmhAApHoITPBRMAAAC","timestamp":"2025-04-13T16:32:02.586Z"}
{"level":"info","message":"User 12 is now offline (no active connections)","timestamp":"2025-04-13T16:32:02.598Z"}
{"level":"info","message":"Socket connected: fR3DavIohoifaP7TAAAI","timestamp":"2025-04-13T16:32:02.771Z"}
{"level":"info","message":"Socket disconnected: UyTvnhm5YtcWAkTvAAAF","timestamp":"2025-04-13T16:32:05.322Z"}
{"level":"info","message":"Socket connected: BDnJFkAPIn6DgjILAAAL","timestamp":"2025-04-13T16:32:05.510Z"}
{"level":"info","message":"Socket disconnected: BDnJFkAPIn6DgjILAAAL","timestamp":"2025-04-13T16:32:17.449Z"}
{"level":"info","message":"Socket connected: wvSNEb5vsUlIgTHtAAAO","timestamp":"2025-04-13T16:32:17.621Z"}
{"level":"info","message":"Socket disconnected: fR3DavIohoifaP7TAAAI","timestamp":"2025-04-13T16:32:19.929Z"}
{"level":"info","message":"Socket connected: lQKRw41_Q7EnNW1NAAAR","timestamp":"2025-04-13T16:32:20.090Z"}
{"level":"info","message":"Socket disconnected: lQKRw41_Q7EnNW1NAAAR","timestamp":"2025-04-13T16:32:38.548Z"}
{"level":"info","message":"Socket connected: uaVlDlHD8K_HgvN7AAAU","timestamp":"2025-04-13T16:32:38.634Z"}
{"level":"info","message":"Socket disconnected: wvSNEb5vsUlIgTHtAAAO","timestamp":"2025-04-13T16:32:40.513Z"}
{"level":"info","message":"Socket connected: w_x29MmdEMSg1rbrAAAX","timestamp":"2025-04-13T16:32:40.601Z"}
{"level":"info","message":"Socket disconnected: w_x29MmdEMSg1rbrAAAX","timestamp":"2025-04-13T16:32:48.428Z"}
{"level":"info","message":"Socket connected: i7BApHA-oSx_JT3BAAAa","timestamp":"2025-04-13T16:32:48.511Z"}
{"level":"info","message":"Socket disconnected: uaVlDlHD8K_HgvN7AAAU","timestamp":"2025-04-13T16:32:49.636Z"}
{"level":"info","message":"Socket connected: jsVxdJ4heCeu9hUJAAAd","timestamp":"2025-04-13T16:32:49.716Z"}
{"level":"info","message":"Socket disconnected: jsVxdJ4heCeu9hUJAAAd","timestamp":"2025-04-13T16:33:10.013Z"}
{"level":"info","message":"Socket connected: aO4brQiBOsY4kAvhAAAg","timestamp":"2025-04-13T16:33:10.100Z"}
{"level":"info","message":"Socket disconnected: aO4brQiBOsY4kAvhAAAg","timestamp":"2025-04-13T16:33:24.016Z"}
{"level":"info","message":"Socket connected: VyHnRnYGQ6C1jVtuAAAj","timestamp":"2025-04-13T16:33:24.093Z"}
{"level":"info","message":"Socket disconnected: i7BApHA-oSx_JT3BAAAa","timestamp":"2025-04-13T16:33:25.508Z"}
{"level":"info","message":"Socket connected: dUQj3NdiRlSPG01qAAAm","timestamp":"2025-04-13T16:33:25.599Z"}
{"level":"info","message":"Server running on port 5000","timestamp":"2025-04-13T16:34:34.514Z"}
{"level":"info","message":"✅ Kết nối database hoạt động tốt","timestamp":"2025-04-13T16:34:34.532Z"}
{"level":"info","message":"Socket connected: MbVMrKYRP8VnsopjAAAC","timestamp":"2025-04-13T16:34:56.274Z"}
{"level":"info","message":"Socket connected: mGEU0eQ0_6kJbQYTAAAF","timestamp":"2025-04-13T16:35:14.539Z"}
{"level":"info","message":"Socket disconnected: MbVMrKYRP8VnsopjAAAC","timestamp":"2025-04-13T16:38:43.840Z"}
{"level":"info","message":"User 12 is now offline (no active connections)","timestamp":"2025-04-13T16:38:43.853Z"}
{"level":"info","message":"Socket connected: bxpGzVqCudSENKuIAAAI","timestamp":"2025-04-13T16:38:44.029Z"}
{"level":"info","message":"Socket disconnected: mGEU0eQ0_6kJbQYTAAAF","timestamp":"2025-04-13T16:38:46.018Z"}
{"level":"info","message":"Socket connected: Hwxmn58Cw0Hn9r0cAAAL","timestamp":"2025-04-13T16:38:46.208Z"}
{"level":"info","message":"Server running on port 5000","timestamp":"2025-04-13T16:39:51.549Z"}
{"level":"info","message":"✅ Kết nối database hoạt động tốt","timestamp":"2025-04-13T16:39:51.568Z"}
{"level":"info","message":"Socket connected: 9i4EEstzCMjGaT_VAAAB","timestamp":"2025-04-13T16:39:52.369Z"}
{"level":"info","message":"Socket connected: twCsLY6Rtpanh5xdAAAD","timestamp":"2025-04-13T16:39:54.356Z"}
{"level":"info","message":"Socket disconnected: 9i4EEstzCMjGaT_VAAAB","timestamp":"2025-04-13T16:40:05.558Z"}
{"level":"info","message":"Socket connected: bKFT6fzEt14Lkj0CAAAG","timestamp":"2025-04-13T16:40:05.714Z"}
{"level":"info","message":"Socket disconnected: twCsLY6Rtpanh5xdAAAD","timestamp":"2025-04-13T16:40:11.912Z"}
{"level":"info","message":"Socket connected: w3VCI1prry0TboQ6AAAJ","timestamp":"2025-04-13T16:40:12.093Z"}
{"level":"info","message":"Socket disconnected: bKFT6fzEt14Lkj0CAAAG","timestamp":"2025-04-13T16:41:27.355Z"}
{"level":"info","message":"Socket disconnected: w3VCI1prry0TboQ6AAAJ","timestamp":"2025-04-13T16:41:27.361Z"}
{"level":"info","message":"User 10 is now offline (no active connections)","timestamp":"2025-04-13T16:41:27.373Z"}
{"level":"info","message":"Socket connected: vKMbXe2XTsy-PH-6AAAM","timestamp":"2025-04-13T16:41:27.374Z"}
{"level":"info","message":"Socket connected: EeU8ic1WAD8ybqViAAAN","timestamp":"2025-04-13T16:41:27.400Z"}
{"level":"info","message":"Socket disconnected: vKMbXe2XTsy-PH-6AAAM","timestamp":"2025-04-13T16:42:00.720Z"}
{"level":"info","message":"Socket connected: wMkCU79AJ9JUOdfYAAAQ","timestamp":"2025-04-13T16:42:00.941Z"}
{"level":"info","message":"Socket disconnected: EeU8ic1WAD8ybqViAAAN","timestamp":"2025-04-13T16:42:02.630Z"}
{"level":"info","message":"Socket connected: Ew2hkspmcVwBKOaxAAAT","timestamp":"2025-04-13T16:42:02.852Z"}
{"level":"info","message":"Socket disconnected: Ew2hkspmcVwBKOaxAAAT","timestamp":"2025-04-13T16:52:14.362Z"}
{"level":"info","message":"Socket disconnected: wMkCU79AJ9JUOdfYAAAQ","timestamp":"2025-04-13T16:52:14.363Z"}
{"level":"info","message":"User 10 is now offline (no active connections)","timestamp":"2025-04-13T16:52:14.366Z"}
{"level":"info","message":"Socket connected: R_rOYK-equtRJJ73AAAW","timestamp":"2025-04-13T16:52:14.386Z"}
{"level":"info","message":"Socket connected: KKPJD4reJW-2aQudAAAX","timestamp":"2025-04-13T16:52:14.389Z"}
{"level":"info","message":"Socket disconnected: R_rOYK-equtRJJ73AAAW","timestamp":"2025-04-13T16:53:06.458Z"}
{"level":"info","message":"Socket connected: KNNLE6S_hj3mylJkAAAa","timestamp":"2025-04-13T16:53:06.695Z"}
{"level":"info","message":"Socket disconnected: KKPJD4reJW-2aQudAAAX","timestamp":"2025-04-13T16:53:12.689Z"}
{"level":"info","message":"Socket disconnected: KNNLE6S_hj3mylJkAAAa","timestamp":"2025-04-13T16:53:13.075Z"}
{"level":"info","message":"User 10 is now offline (no active connections)","timestamp":"2025-04-13T16:53:13.088Z"}
{"level":"info","message":"Server running on port 5000","timestamp":"2025-04-13T16:53:19.014Z"}
{"level":"info","message":"✅ Kết nối database hoạt động tốt","timestamp":"2025-04-13T16:53:19.033Z"}
{"level":"info","message":"Socket connected: hwtmbKYCMyPTvJ_hAAAC","timestamp":"2025-04-13T16:53:26.278Z"}
{"level":"info","message":"Socket connected: XtHgm_Mp_AbHcftKAAAF","timestamp":"2025-04-13T16:53:37.590Z"}
{"level":"info","message":"Socket disconnected: hwtmbKYCMyPTvJ_hAAAC","timestamp":"2025-04-13T16:53:45.591Z"}
{"level":"info","message":"User 12 is now offline (no active connections)","timestamp":"2025-04-13T16:53:45.598Z"}
{"level":"info","message":"Socket disconnected: XtHgm_Mp_AbHcftKAAAF","timestamp":"2025-04-13T16:53:47.742Z"}
{"level":"info","message":"User 10 is now offline (no active connections)","timestamp":"2025-04-13T16:53:47.755Z"}
{"level":"info","message":"Socket connected: K9GzY983EsGkCR0jAAAI","timestamp":"2025-04-13T16:53:51.861Z"}
{"level":"info","message":"Socket connected: DKnJnnC5sqq6iQ8OAAAL","timestamp":"2025-04-13T16:54:45.325Z"}
{"level":"info","message":"Socket disconnected: DKnJnnC5sqq6iQ8OAAAL","timestamp":"2025-04-13T16:54:48.866Z"}
{"level":"info","message":"Socket disconnected: K9GzY983EsGkCR0jAAAI","timestamp":"2025-04-13T16:54:51.037Z"}
{"level":"info","message":"User 10 is now offline (no active connections)","timestamp":"2025-04-13T16:54:51.049Z"}
{"level":"info","message":"Socket connected: i_trh-TBZxWcxzA0AAAO","timestamp":"2025-04-13T16:54:51.124Z"}
{"level":"info","message":"Socket connected: CKdv2mVeJeDytqsXAAAR","timestamp":"2025-04-13T16:54:55.010Z"}
{"level":"info","message":"Socket disconnected: CKdv2mVeJeDytqsXAAAR","timestamp":"2025-04-13T16:54:59.478Z"}
{"level":"info","message":"User 12 is now offline (no active connections)","timestamp":"2025-04-13T16:54:59.483Z"}
{"level":"info","message":"Socket connected: HzJ2yxUsfOD2jxV4AAAU","timestamp":"2025-04-13T16:55:06.036Z"}
{"level":"info","message":"Socket disconnected: HzJ2yxUsfOD2jxV4AAAU","timestamp":"2025-04-13T16:55:12.537Z"}
{"level":"info","message":"User 11 is now offline (no active connections)","timestamp":"2025-04-13T16:55:12.540Z"}
{"level":"info","message":"Socket connected: UFDuYZi7ACov0GEIAAAX","timestamp":"2025-04-13T16:55:12.621Z"}
{"level":"info","message":"Socket disconnected: i_trh-TBZxWcxzA0AAAO","timestamp":"2025-04-13T16:55:24.526Z"}
{"level":"info","message":"User 10 is now offline (no active connections)","timestamp":"2025-04-13T16:55:24.539Z"}
{"level":"info","message":"Socket connected: xZH7WPZ956X0xEHjAAAa","timestamp":"2025-04-13T16:55:24.594Z"}
{"level":"info","message":"Socket connected: 74yq5h_xFVZyJvEPAAAd","timestamp":"2025-04-13T16:55:38.371Z"}
{"level":"info","message":"Socket disconnected: UFDuYZi7ACov0GEIAAAX","timestamp":"2025-04-13T16:56:56.665Z"}
{"level":"info","message":"User 11 is now offline (no active connections)","timestamp":"2025-04-13T16:56:56.680Z"}
{"level":"info","message":"Socket connected: EZnOYfskeG6dEU5WAAAg","timestamp":"2025-04-13T16:56:56.737Z"}
{"level":"info","message":"Socket disconnected: EZnOYfskeG6dEU5WAAAg","timestamp":"2025-04-13T16:57:10.193Z"}
{"level":"info","message":"User 11 is now offline (no active connections)","timestamp":"2025-04-13T16:57:10.195Z"}
{"level":"info","message":"Socket connected: penyJmMW03C7Dkj9AAAj","timestamp":"2025-04-13T16:57:10.254Z"}
{"level":"info","message":"Socket disconnected: 74yq5h_xFVZyJvEPAAAd","timestamp":"2025-04-13T16:57:17.080Z"}
{"level":"info","message":"User 12 is now offline (no active connections)","timestamp":"2025-04-13T16:57:17.093Z"}
{"level":"info","message":"Socket connected: lXYX-C7C8nQVj9cBAAAm","timestamp":"2025-04-13T16:57:17.170Z"}
{"level":"info","message":"Socket disconnected: xZH7WPZ956X0xEHjAAAa","timestamp":"2025-04-13T16:57:20.551Z"}
{"level":"info","message":"User 10 is now offline (no active connections)","timestamp":"2025-04-13T16:57:20.563Z"}
{"level":"info","message":"Socket connected: -1RXDZUER_XKYKQOAAAp","timestamp":"2025-04-13T16:57:20.625Z"}
{"level":"info","message":"Server running on port 5000","timestamp":"2025-04-13T16:57:34.893Z"}
{"level":"info","message":"✅ Kết nối database hoạt động tốt","timestamp":"2025-04-13T16:57:34.911Z"}
{"level":"info","message":"Socket connected: -1YqUjGqNjx-zAnPAAAB","timestamp":"2025-04-13T16:57:36.359Z"}
{"level":"info","message":"Socket connected: FCfzRiuhpCHi8Mk3AAAE","timestamp":"2025-04-13T16:57:37.349Z"}
{"level":"info","message":"Socket connected: yBcAD9BA1Uy3H9etAAAF","timestamp":"2025-04-13T16:57:37.353Z"}
{"level":"info","message":"Socket disconnected: yBcAD9BA1Uy3H9etAAAF","timestamp":"2025-04-13T16:57:44.112Z"}
{"level":"info","message":"User 10 is now offline (no active connections)","timestamp":"2025-04-13T16:57:44.124Z"}
{"level":"info","message":"Socket connected: lFB1ExxU7oLlD96RAAAI","timestamp":"2025-04-13T16:57:44.173Z"}
{"level":"info","message":"Socket disconnected: FCfzRiuhpCHi8Mk3AAAE","timestamp":"2025-04-13T16:57:47.687Z"}
{"level":"info","message":"User 12 is now offline (no active connections)","timestamp":"2025-04-13T16:57:47.699Z"}
{"level":"info","message":"Socket connected: bNxWexN0HfBA5XoaAAAL","timestamp":"2025-04-13T16:57:47.757Z"}
{"level":"info","message":"Socket disconnected: -1YqUjGqNjx-zAnPAAAB","timestamp":"2025-04-13T16:57:51.752Z"}
{"level":"info","message":"User 11 is now offline (no active connections)","timestamp":"2025-04-13T16:57:51.756Z"}
{"level":"info","message":"Socket connected: VbJSmiFKVGBsePxHAAAO","timestamp":"2025-04-13T16:57:51.823Z"}
{"level":"info","message":"Socket disconnected: bNxWexN0HfBA5XoaAAAL","timestamp":"2025-04-13T16:58:01.996Z"}
{"level":"info","message":"User 12 is now offline (no active connections)","timestamp":"2025-04-13T16:58:01.999Z"}
{"level":"info","message":"Socket connected: tJSi_pKxP-P175FMAAAR","timestamp":"2025-04-13T16:58:02.069Z"}
{"level":"info","message":"Socket disconnected: lFB1ExxU7oLlD96RAAAI","timestamp":"2025-04-13T16:58:06.905Z"}
{"level":"info","message":"User 10 is now offline (no active connections)","timestamp":"2025-04-13T16:58:06.917Z"}
{"level":"info","message":"Socket connected: plGPAsI8cGK3f1a4AAAU","timestamp":"2025-04-13T16:58:06.977Z"}
{"level":"info","message":"Socket disconnected: VbJSmiFKVGBsePxHAAAO","timestamp":"2025-04-13T16:58:09.465Z"}
{"level":"info","message":"User 11 is now offline (no active connections)","timestamp":"2025-04-13T16:58:09.477Z"}
{"level":"info","message":"Socket connected: -CiB3uGVohYstbCBAAAX","timestamp":"2025-04-13T16:58:09.535Z"}
{"level":"info","message":"Socket disconnected: plGPAsI8cGK3f1a4AAAU","timestamp":"2025-04-13T16:58:23.732Z"}
{"level":"info","message":"User 10 is now offline (no active connections)","timestamp":"2025-04-13T16:58:23.744Z"}
{"level":"info","message":"Socket disconnected: tJSi_pKxP-P175FMAAAR","timestamp":"2025-04-13T16:58:27.825Z"}
{"level":"info","message":"User 12 is now offline (no active connections)","timestamp":"2025-04-13T16:58:27.837Z"}
